                                      1 ;--------------------------------------------------------
                                      2 ; File Created by SDCC : free open source ANSI-C Compiler
                                      3 ; Version 4.0.7 #12016 (Mac OS X x86_64)
                                      4 ;--------------------------------------------------------
                                      5 	.module aweleia
                                      6 	.optsdcc -mgbz80
                                      7 	
                                      8 ;--------------------------------------------------------
                                      9 ; Public variables in this module
                                     10 ;--------------------------------------------------------
                                     11 	.globl _posEval
                                     12 	.globl _jeuPoss
                                     13 	.globl _jouer
                                     14 	.globl _alphabeta
                                     15 	.globl _minmax
                                     16 	.globl _maxmin
                                     17 	.globl _eval
                                     18 ;--------------------------------------------------------
                                     19 ; special function registers
                                     20 ;--------------------------------------------------------
                                     21 ;--------------------------------------------------------
                                     22 ; ram data
                                     23 ;--------------------------------------------------------
                                     24 	.area _DATA
      000000                         25 _posEval::
      000000                         26 	.ds 2
                                     27 ;--------------------------------------------------------
                                     28 ; absolute external ram data
                                     29 ;--------------------------------------------------------
                                     30 	.area _DABS (ABS)
                                     31 ;--------------------------------------------------------
                                     32 ; global & static initialisations
                                     33 ;--------------------------------------------------------
                                     34 	.area _HOME
                                     35 	.area _GSINIT
                                     36 	.area _GSFINAL
                                     37 	.area _GSINIT
                                     38 ;src/aweleia.c:16: UWORD posEval = 0;
      000000 21r00r00                39 	ld	hl, #_posEval
      000003 36 00                   40 	ld	(hl), #0x00
      000005 23                      41 	inc	hl
      000006 36 00                   42 	ld	(hl), #0x00
                                     43 ;--------------------------------------------------------
                                     44 ; Home
                                     45 ;--------------------------------------------------------
                                     46 	.area _HOME
                                     47 	.area _HOME
                                     48 ;--------------------------------------------------------
                                     49 ; code
                                     50 ;--------------------------------------------------------
                                     51 	.area _CODE
                                     52 ;src/aweleia.c:23: BOOLEAN jeuPoss(UBYTE *p,UBYTE j)
                                     53 ;	---------------------------------
                                     54 ; Function jeuPoss
                                     55 ; ---------------------------------
      000000                         56 _jeuPoss::
      000000 E8 FC                   57 	add	sp, #-4
                                     58 ;src/aweleia.c:25: register UBYTE i, b=FALSE;
      000002 AF                      59 	xor	a, a
      000003 F8 02                   60 	ldhl	sp,	#2
      000005 77                      61 	ld	(hl), a
                                     62 ;src/aweleia.c:27: for( i=j*(NCASES+1); i<(j+1)*NCASES+j; b|=p[i++] );
      000006 F8 08                   63 	ldhl	sp,	#8
      000008 7E                      64 	ld	a, (hl)
      000009 4F                      65 	ld	c, a
      00000A 87                      66 	add	a, a
      00000B 87                      67 	add	a, a
      00000C 87                      68 	add	a, a
      00000D 81                      69 	add	a, c
      00000E F8 03                   70 	ldhl	sp,	#3
      000010 77                      71 	ld	(hl), a
      000011                         72 00103$:
      000011 F8 08                   73 	ldhl	sp,	#8
      000013 4E                      74 	ld	c, (hl)
      000014 06 00                   75 	ld	b, #0x00
      000016 69                      76 	ld	l, c
      000017 60                      77 	ld	h, b
      000018 23                      78 	inc	hl
      000019 29                      79 	add	hl, hl
      00001A 29                      80 	add	hl, hl
      00001B 29                      81 	add	hl, hl
      00001C 09                      82 	add	hl, bc
      00001D 4D                      83 	ld	c, l
      00001E 44                      84 	ld	b, h
      00001F F8 03                   85 	ldhl	sp,	#3
      000021 7E                      86 	ld	a, (hl)
      000022 F8 00                   87 	ldhl	sp,	#0
      000024 77                      88 	ld	(hl), a
      000025 AF                      89 	xor	a, a
      000026 23                      90 	inc	hl
      000027 32                      91 	ld	(hl-), a
      000028 7E                      92 	ld	a, (hl)
      000029 91                      93 	sub	a, c
      00002A 23                      94 	inc	hl
      00002B 7E                      95 	ld	a, (hl)
      00002C 98                      96 	sbc	a, b
      00002D 56                      97 	ld	d, (hl)
      00002E 78                      98 	ld	a, b
      00002F CB 7F                   99 	bit	7,a
      000031 28 07                  100 	jr	Z, 00118$
      000033 CB 7A                  101 	bit	7, d
      000035 20 08                  102 	jr	NZ, 00119$
      000037 BF                     103 	cp	a, a
      000038 18 05                  104 	jr	00119$
      00003A                        105 00118$:
      00003A CB 7A                  106 	bit	7, d
      00003C 28 01                  107 	jr	Z, 00119$
      00003E 37                     108 	scf
      00003F                        109 00119$:
      00003F 30 16                  110 	jr	NC, 00101$
                                    111 ;c
      000041 F8 06                  112 	ldhl	sp,#6
      000043 2A                     113 	ld	a, (hl+)
      000044 5F                     114 	ld	e, a
      000045 56                     115 	ld	d, (hl)
      000046 F8 03                  116 	ldhl	sp,	#3
      000048 6E                     117 	ld	l, (hl)
      000049 26 00                  118 	ld	h, #0x00
      00004B 19                     119 	add	hl, de
      00004C 4D                     120 	ld	c, l
      00004D 44                     121 	ld	b, h
      00004E F8 03                  122 	ldhl	sp,	#3
      000050 34                     123 	inc	(hl)
      000051 0A                     124 	ld	a, (bc)
      000052 2B                     125 	dec	hl
      000053 B6                     126 	or	a, (hl)
      000054 77                     127 	ld	(hl), a
      000055 18 BA                  128 	jr	00103$
      000057                        129 00101$:
                                    130 ;src/aweleia.c:29: return(b);
      000057 F8 02                  131 	ldhl	sp,	#2
      000059 5E                     132 	ld	e, (hl)
      00005A 16 00                  133 	ld	d, #0x00
                                    134 ;src/aweleia.c:30: }
      00005C E8 04                  135 	add	sp, #4
      00005E C9                     136 	ret
                                    137 ;src/aweleia.c:39: BOOLEAN jouer(UBYTE *p,UBYTE *pi,UBYTE c,UBYTE j)
                                    138 ;	---------------------------------
                                    139 ; Function jouer
                                    140 ; ---------------------------------
      00005F                        141 _jouer::
      00005F E8 F2                  142 	add	sp, #-14
                                    143 ;src/aweleia.c:44: */ n  = pi[c];
                                    144 ;c
      000061 F8 12                  145 	ldhl	sp,#18
      000063 2A                     146 	ld	a, (hl+)
      000064 5F                     147 	ld	e, a
      000065 2A                     148 	ld	a, (hl+)
      000066 57                     149 	ld	d, a
      000067 6E                     150 	ld	l, (hl)
      000068 26 00                  151 	ld	h, #0x00
      00006A 19                     152 	add	hl, de
      00006B 4D                     153 	ld	c, l
      00006C 44                     154 	ld	b, h
      00006D 0A                     155 	ld	a, (bc)
      00006E F8 0C                  156 	ldhl	sp,	#12
      000070 77                     157 	ld	(hl), a
                                    158 ;src/aweleia.c:45: xi = (c+n)%LGPLAT;
      000071 F8 14                  159 	ldhl	sp,	#20
      000073 7E                     160 	ld	a, (hl)
      000074 1E 00                  161 	ld	e, #0x00
      000076 F8 0C                  162 	ldhl	sp,	#12
      000078 4E                     163 	ld	c, (hl)
      000079 06 00                  164 	ld	b, #0x00
      00007B 6F                     165 	ld	l, a
      00007C 63                     166 	ld	h, e
      00007D 09                     167 	add	hl, bc
      00007E 33                     168 	inc	sp
      00007F 33                     169 	inc	sp
      000080 E5                     170 	push	hl
      000081 21 12 00               171 	ld	hl, #0x0012
      000084 4D                     172 	ld	c, l
      000085 44                     173 	ld	b, h
      000086 E1                     174 	pop	hl
      000087 E5                     175 	push	hl
      000088 C5                     176 	push	bc
      000089 E5                     177 	push	hl
      00008A CDr00r00               178 	call	__modsint
      00008D E8 04                  179 	add	sp, #4
      00008F F8 02                  180 	ldhl	sp,	#2
      000091 73                     181 	ld	(hl), e
                                    182 ;src/aweleia.c:46: x = (xi>=j*(NCASES+1)) && (xi<(j+1)*NCASES+j) && !pi[xi];
      000092 F8 15                  183 	ldhl	sp,	#21
      000094 4E                     184 	ld	c, (hl)
      000095 06 00                  185 	ld	b, #0x00
      000097 69                     186 	ld	l, c
      000098 60                     187 	ld	h, b
      000099 29                     188 	add	hl, hl
      00009A 29                     189 	add	hl, hl
      00009B 29                     190 	add	hl, hl
      00009C 09                     191 	add	hl, bc
      00009D 4D                     192 	ld	c, l
      00009E 44                     193 	ld	b, h
      00009F F8 02                  194 	ldhl	sp,	#2
      0000A1 2A                     195 	ld	a, (hl+)
      0000A2 77                     196 	ld	(hl), a
      0000A3 AF                     197 	xor	a, a
      0000A4 23                     198 	inc	hl
      0000A5 77                     199 	ld	(hl), a
      0000A6 F8 15                  200 	ldhl	sp,	#21
      0000A8 7E                     201 	ld	a, (hl)
      0000A9 F8 0A                  202 	ldhl	sp,	#10
      0000AB 77                     203 	ld	(hl), a
      0000AC AF                     204 	xor	a, a
      0000AD 23                     205 	inc	hl
      0000AE 32                     206 	ld	(hl-), a
      0000AF 2A                     207 	ld	a, (hl+)
      0000B0 66                     208 	ld	h, (hl)
      0000B1 6F                     209 	ld	l, a
      0000B2 23                     210 	inc	hl
      0000B3 29                     211 	add	hl, hl
      0000B4 29                     212 	add	hl, hl
      0000B5 29                     213 	add	hl, hl
      0000B6 5D                     214 	ld	e, l
      0000B7 54                     215 	ld	d, h
                                    216 ;c
      0000B8 F8 0A                  217 	ldhl	sp,	#10
      0000BA 2A                     218 	ld	a, (hl+)
      0000BB 66                     219 	ld	h, (hl)
      0000BC 6F                     220 	ld	l, a
      0000BD 19                     221 	add	hl, de
      0000BE E5                     222 	push	hl
      0000BF 7D                     223 	ld	a, l
      0000C0 F8 07                  224 	ldhl	sp,	#7
      0000C2 77                     225 	ld	(hl), a
      0000C3 E1                     226 	pop	hl
      0000C4 7C                     227 	ld	a, h
      0000C5 F8 06                  228 	ldhl	sp,	#6
      0000C7 77                     229 	ld	(hl), a
      0000C8 F8 03                  230 	ldhl	sp,	#3
      0000CA 7E                     231 	ld	a, (hl)
      0000CB 91                     232 	sub	a, c
      0000CC 23                     233 	inc	hl
      0000CD 7E                     234 	ld	a, (hl)
      0000CE 98                     235 	sbc	a, b
      0000CF 56                     236 	ld	d, (hl)
      0000D0 78                     237 	ld	a, b
      0000D1 CB 7F                  238 	bit	7,a
      0000D3 28 07                  239 	jr	Z, 00178$
      0000D5 CB 7A                  240 	bit	7, d
      0000D7 20 08                  241 	jr	NZ, 00179$
      0000D9 BF                     242 	cp	a, a
      0000DA 18 05                  243 	jr	00179$
      0000DC                        244 00178$:
      0000DC CB 7A                  245 	bit	7, d
      0000DE 28 01                  246 	jr	Z, 00179$
      0000E0 37                     247 	scf
      0000E1                        248 00179$:
      0000E1 38 31                  249 	jr	C, 00117$
      0000E3 F8 03                  250 	ldhl	sp,	#3
      0000E5 5D                     251 	ld	e, l
      0000E6 54                     252 	ld	d, h
      0000E7 F8 05                  253 	ldhl	sp,	#5
      0000E9 1A                     254 	ld	a, (de)
      0000EA 96                     255 	sub	a, (hl)
      0000EB 23                     256 	inc	hl
      0000EC 13                     257 	inc	de
      0000ED 1A                     258 	ld	a, (de)
      0000EE 9E                     259 	sbc	a, (hl)
      0000EF 1A                     260 	ld	a, (de)
      0000F0 57                     261 	ld	d, a
      0000F1 CB 7E                  262 	bit	7, (hl)
      0000F3 28 07                  263 	jr	Z, 00180$
      0000F5 CB 7A                  264 	bit	7, d
      0000F7 20 08                  265 	jr	NZ, 00181$
      0000F9 BF                     266 	cp	a, a
      0000FA 18 05                  267 	jr	00181$
      0000FC                        268 00180$:
      0000FC CB 7A                  269 	bit	7, d
      0000FE 28 01                  270 	jr	Z, 00181$
      000100 37                     271 	scf
      000101                        272 00181$:
      000101 30 11                  273 	jr	NC, 00117$
                                    274 ;c
      000103 F8 12                  275 	ldhl	sp,#18
      000105 2A                     276 	ld	a, (hl+)
      000106 5F                     277 	ld	e, a
      000107 56                     278 	ld	d, (hl)
      000108 F8 02                  279 	ldhl	sp,	#2
      00010A 6E                     280 	ld	l, (hl)
      00010B 26 00                  281 	ld	h, #0x00
      00010D 19                     282 	add	hl, de
      00010E 4D                     283 	ld	c, l
      00010F 44                     284 	ld	b, h
      000110 0A                     285 	ld	a, (bc)
      000111 B7                     286 	or	a, a
      000112 28 03                  287 	jr	Z, 00118$
      000114                        288 00117$:
      000114 AF                     289 	xor	a, a
      000115 18 02                  290 	jr	00119$
      000117                        291 00118$:
      000117 3E 01                  292 	ld	a, #0x01
      000119                        293 00119$:
      000119 F8 07                  294 	ldhl	sp,	#7
      00011B 77                     295 	ld	(hl), a
      00011C AF                     296 	xor	a, a
      00011D 23                     297 	inc	hl
      00011E 77                     298 	ld	(hl), a
                                    299 ;src/aweleia.c:48: for( i=0; i<c; ++i )
      00011F AF                     300 	xor	a, a
      000120 F8 0D                  301 	ldhl	sp,	#13
      000122 77                     302 	ld	(hl), a
      000123                        303 00107$:
      000123 F8 0D                  304 	ldhl	sp,	#13
      000125 7E                     305 	ld	a, (hl)
      000126 F8 14                  306 	ldhl	sp,	#20
      000128 96                     307 	sub	a, (hl)
      000129 30 21                  308 	jr	NC, 00101$
                                    309 ;src/aweleia.c:49: p[i]=pi[i];
                                    310 ;c
      00012B F8 10                  311 	ldhl	sp,#16
      00012D 2A                     312 	ld	a, (hl+)
      00012E 5F                     313 	ld	e, a
      00012F 56                     314 	ld	d, (hl)
      000130 F8 0D                  315 	ldhl	sp,	#13
      000132 6E                     316 	ld	l, (hl)
      000133 26 00                  317 	ld	h, #0x00
      000135 19                     318 	add	hl, de
      000136 4D                     319 	ld	c, l
      000137 44                     320 	ld	b, h
                                    321 ;c
      000138 F8 12                  322 	ldhl	sp,#18
      00013A 2A                     323 	ld	a, (hl+)
      00013B 5F                     324 	ld	e, a
      00013C 56                     325 	ld	d, (hl)
      00013D F8 0D                  326 	ldhl	sp,	#13
      00013F 6E                     327 	ld	l, (hl)
      000140 26 00                  328 	ld	h, #0x00
      000142 19                     329 	add	hl, de
      000143 5D                     330 	ld	e, l
      000144 54                     331 	ld	d, h
      000145 1A                     332 	ld	a, (de)
      000146 02                     333 	ld	(bc), a
                                    334 ;src/aweleia.c:48: for( i=0; i<c; ++i )
      000147 F8 0D                  335 	ldhl	sp,	#13
      000149 34                     336 	inc	(hl)
      00014A 18 D7                  337 	jr	00107$
      00014C                        338 00101$:
                                    339 ;src/aweleia.c:51: p[c]=0;
                                    340 ;c
      00014C F8 10                  341 	ldhl	sp,#16
      00014E 2A                     342 	ld	a, (hl+)
      00014F 5F                     343 	ld	e, a
      000150 56                     344 	ld	d, (hl)
      000151 F8 14                  345 	ldhl	sp,	#20
      000153 6E                     346 	ld	l, (hl)
      000154 26 00                  347 	ld	h, #0x00
      000156 19                     348 	add	hl, de
      000157 4D                     349 	ld	c, l
      000158 44                     350 	ld	b, h
      000159 AF                     351 	xor	a, a
      00015A 02                     352 	ld	(bc), a
                                    353 ;src/aweleia.c:53: for( i=c+1; i<=c+n; ++i )
      00015B F8 14                  354 	ldhl	sp,	#20
      00015D 7E                     355 	ld	a, (hl)
      00015E 3C                     356 	inc	a
      00015F F8 0D                  357 	ldhl	sp,	#13
      000161 77                     358 	ld	(hl), a
      000162                        359 00110$:
      000162 F8 0D                  360 	ldhl	sp,	#13
      000164 4E                     361 	ld	c, (hl)
      000165 06 00                  362 	ld	b, #0x00
      000167 F8 00                  363 	ldhl	sp,	#0
      000169 7E                     364 	ld	a, (hl)
      00016A 91                     365 	sub	a, c
      00016B 23                     366 	inc	hl
      00016C 7E                     367 	ld	a, (hl)
      00016D 98                     368 	sbc	a, b
      00016E 56                     369 	ld	d, (hl)
      00016F 78                     370 	ld	a, b
      000170 CB 7F                  371 	bit	7,a
      000172 28 07                  372 	jr	Z, 00182$
      000174 CB 7A                  373 	bit	7, d
      000176 20 08                  374 	jr	NZ, 00183$
      000178 BF                     375 	cp	a, a
      000179 18 05                  376 	jr	00183$
      00017B                        377 00182$:
      00017B CB 7A                  378 	bit	7, d
      00017D 28 01                  379 	jr	Z, 00183$
      00017F 37                     380 	scf
      000180                        381 00183$:
      000180 38 2C                  382 	jr	C, 00102$
                                    383 ;src/aweleia.c:54: p[i%LGPLAT]=pi[i%LGPLAT]+1;
      000182 3E 12                  384 	ld	a, #0x12
      000184 F5                     385 	push	af
      000185 33                     386 	inc	sp
      000186 F8 0E                  387 	ldhl	sp,	#14
      000188 7E                     388 	ld	a, (hl)
      000189 F5                     389 	push	af
      00018A 33                     390 	inc	sp
      00018B CDr00r00               391 	call	__moduchar
      00018E E8 02                  392 	add	sp, #2
      000190 D5                     393 	push	de
                                    394 ;b
      000191 16 00                  395 	ld	d, #0x00
      000193 F8 12                  396 	ldhl	sp,	#18
      000195 2A                     397 	ld	a, (hl+)
      000196 66                     398 	ld	h, (hl)
      000197 6F                     399 	ld	l, a
      000198 19                     400 	add	hl, de
      000199 D1                     401 	pop	de
      00019A 4D                     402 	ld	c, l
      00019B 44                     403 	ld	b, h
                                    404 ;b
      00019C 16 00                  405 	ld	d, #0x00
      00019E F8 12                  406 	ldhl	sp,	#18
      0001A0 2A                     407 	ld	a, (hl+)
      0001A1 66                     408 	ld	h, (hl)
      0001A2 6F                     409 	ld	l, a
      0001A3 19                     410 	add	hl, de
      0001A4 5D                     411 	ld	e, l
      0001A5 54                     412 	ld	d, h
      0001A6 1A                     413 	ld	a, (de)
      0001A7 3C                     414 	inc	a
      0001A8 02                     415 	ld	(bc), a
                                    416 ;src/aweleia.c:53: for( i=c+1; i<=c+n; ++i )
      0001A9 F8 0D                  417 	ldhl	sp,	#13
      0001AB 34                     418 	inc	(hl)
      0001AC 18 B4                  419 	jr	00110$
      0001AE                        420 00102$:
                                    421 ;src/aweleia.c:56: for( i=c+n+1; i<LGPLAT; ++i )
      0001AE F8 0C                  422 	ldhl	sp,	#12
      0001B0 7E                     423 	ld	a, (hl)
      0001B1 F8 14                  424 	ldhl	sp,	#20
      0001B3 86                     425 	add	a, (hl)
      0001B4 3C                     426 	inc	a
      0001B5 F8 0D                  427 	ldhl	sp,	#13
      0001B7 77                     428 	ld	(hl), a
      0001B8                        429 00113$:
      0001B8 F8 0D                  430 	ldhl	sp,	#13
      0001BA 7E                     431 	ld	a, (hl)
      0001BB D6 12                  432 	sub	a, #0x12
      0001BD 30 3A                  433 	jr	NC, 00103$
                                    434 ;src/aweleia.c:57: p[i]=pi[i];
                                    435 ;c
      0001BF F8 10                  436 	ldhl	sp,#16
      0001C1 2A                     437 	ld	a, (hl+)
      0001C2 5F                     438 	ld	e, a
      0001C3 56                     439 	ld	d, (hl)
      0001C4 F8 0D                  440 	ldhl	sp,	#13
      0001C6 6E                     441 	ld	l, (hl)
      0001C7 26 00                  442 	ld	h, #0x00
      0001C9 19                     443 	add	hl, de
      0001CA E5                     444 	push	hl
      0001CB 7D                     445 	ld	a, l
      0001CC F8 0B                  446 	ldhl	sp,	#11
      0001CE 77                     447 	ld	(hl), a
      0001CF E1                     448 	pop	hl
      0001D0 7C                     449 	ld	a, h
      0001D1 F8 0A                  450 	ldhl	sp,	#10
      0001D3 77                     451 	ld	(hl), a
                                    452 ;c
      0001D4 F8 12                  453 	ldhl	sp,#18
      0001D6 2A                     454 	ld	a, (hl+)
      0001D7 5F                     455 	ld	e, a
      0001D8 56                     456 	ld	d, (hl)
      0001D9 F8 0D                  457 	ldhl	sp,	#13
      0001DB 6E                     458 	ld	l, (hl)
      0001DC 26 00                  459 	ld	h, #0x00
      0001DE 19                     460 	add	hl, de
      0001DF E5                     461 	push	hl
      0001E0 7D                     462 	ld	a, l
      0001E1 F8 0D                  463 	ldhl	sp,	#13
      0001E3 77                     464 	ld	(hl), a
      0001E4 E1                     465 	pop	hl
      0001E5 7C                     466 	ld	a, h
      0001E6 F8 0C                  467 	ldhl	sp,	#12
      0001E8 32                     468 	ld	(hl-), a
      0001E9 2A                     469 	ld	a, (hl+)
      0001EA 5F                     470 	ld	e, a
      0001EB 56                     471 	ld	d, (hl)
      0001EC 1A                     472 	ld	a, (de)
      0001ED 4F                     473 	ld	c, a
      0001EE F8 09                  474 	ldhl	sp,	#9
      0001F0 2A                     475 	ld	a, (hl+)
      0001F1 66                     476 	ld	h, (hl)
      0001F2 6F                     477 	ld	l, a
      0001F3 71                     478 	ld	(hl), c
                                    479 ;src/aweleia.c:56: for( i=c+n+1; i<LGPLAT; ++i )
      0001F4 F8 0D                  480 	ldhl	sp,	#13
      0001F6 34                     481 	inc	(hl)
      0001F7 18 BF                  482 	jr	00113$
      0001F9                        483 00103$:
                                    484 ;src/aweleia.c:60: if( x )
      0001F9 F8 08                  485 	ldhl	sp,	#8
      0001FB 3A                     486 	ld	a, (hl-)
      0001FC B6                     487 	or	a, (hl)
      0001FD 28 49                  488 	jr	Z, 00105$
                                    489 ;src/aweleia.c:62: p[(j+1)*NCASES+j] += p[2*NCASES-xi]+1;
                                    490 ;c
      0001FF F8 10                  491 	ldhl	sp,#16
      000201 2A                     492 	ld	a, (hl+)
      000202 5F                     493 	ld	e, a
      000203 56                     494 	ld	d, (hl)
      000204 F8 05                  495 	ldhl	sp,	#5
      000206 2A                     496 	ld	a, (hl+)
      000207 66                     497 	ld	h, (hl)
      000208 6F                     498 	ld	l, a
      000209 19                     499 	add	hl, de
      00020A 4D                     500 	ld	c, l
      00020B 44                     501 	ld	b, h
      00020C 0A                     502 	ld	a, (bc)
      00020D F8 0B                  503 	ldhl	sp,	#11
      00020F 77                     504 	ld	(hl), a
      000210 11 10 00               505 	ld	de, #0x0010
      000213 F8 03                  506 	ldhl	sp,	#3
      000215 2A                     507 	ld	a, (hl+)
      000216 66                     508 	ld	h, (hl)
      000217 6F                     509 	ld	l, a
      000218 7B                     510 	ld	a, e
      000219 95                     511 	sub	a, l
      00021A 5F                     512 	ld	e, a
      00021B 7A                     513 	ld	a, d
      00021C 9C                     514 	sbc	a, h
      00021D F8 0D                  515 	ldhl	sp,	#13
      00021F 32                     516 	ld	(hl-), a
                                    517 ;c
      000220 7B                     518 	ld	a, e
      000221 22                     519 	ld	(hl+), a
      000222 2B                     520 	dec	hl
      000223 2A                     521 	ld	a, (hl+)
      000224 5F                     522 	ld	e, a
      000225 56                     523 	ld	d, (hl)
      000226 F8 10                  524 	ldhl	sp,	#16
      000228 2A                     525 	ld	a, (hl+)
      000229 66                     526 	ld	h, (hl)
      00022A 6F                     527 	ld	l, a
      00022B 19                     528 	add	hl, de
      00022C 5D                     529 	ld	e, l
      00022D 54                     530 	ld	d, h
      00022E 1A                     531 	ld	a, (de)
      00022F 3C                     532 	inc	a
      000230 F8 0B                  533 	ldhl	sp,	#11
      000232 6E                     534 	ld	l, (hl)
      000233 85                     535 	add	a, l
      000234 02                     536 	ld	(bc), a
                                    537 ;src/aweleia.c:63: p[2*NCASES-xi] = p[xi] = 0;
      000235 D5                     538 	push	de
                                    539 ;c
      000236 F8 12                  540 	ldhl	sp,#18
      000238 2A                     541 	ld	a, (hl+)
      000239 5F                     542 	ld	e, a
      00023A 56                     543 	ld	d, (hl)
      00023B F8 04                  544 	ldhl	sp,	#4
      00023D 6E                     545 	ld	l, (hl)
      00023E 26 00                  546 	ld	h, #0x00
      000240 19                     547 	add	hl, de
      000241 D1                     548 	pop	de
      000242 4D                     549 	ld	c, l
      000243 44                     550 	ld	b, h
      000244 AF                     551 	xor	a, a
      000245 02                     552 	ld	(bc), a
      000246 AF                     553 	xor	a, a
      000247 12                     554 	ld	(de), a
      000248                        555 00105$:
                                    556 ;src/aweleia.c:66: return( ((c+n)==((j+1)*NCASES+j)) && jeuPoss(p,j) );
      000248 F8 00                  557 	ldhl	sp,	#0
      00024A 7E                     558 	ld	a, (hl)
      00024B F8 05                  559 	ldhl	sp,	#5
      00024D 96                     560 	sub	a, (hl)
      00024E 20 1C                  561 	jr	NZ, 00123$
      000250 F8 01                  562 	ldhl	sp,	#1
      000252 7E                     563 	ld	a, (hl)
      000253 F8 06                  564 	ldhl	sp,	#6
      000255 96                     565 	sub	a, (hl)
      000256 20 14                  566 	jr	NZ, 00123$
      000258 F8 15                  567 	ldhl	sp,	#21
      00025A 7E                     568 	ld	a, (hl)
      00025B F5                     569 	push	af
      00025C 33                     570 	inc	sp
      00025D F8 11                  571 	ldhl	sp,	#17
      00025F 2A                     572 	ld	a, (hl+)
      000260 66                     573 	ld	h, (hl)
      000261 6F                     574 	ld	l, a
      000262 E5                     575 	push	hl
      000263 CDr00r00               576 	call	_jeuPoss
      000266 E8 03                  577 	add	sp, #3
      000268 7A                     578 	ld	a, d
      000269 B3                     579 	or	a, e
      00026A 20 04                  580 	jr	NZ, 00124$
      00026C                        581 00123$:
      00026C 1E 00                  582 	ld	e, #0x00
      00026E 18 02                  583 	jr	00125$
      000270                        584 00124$:
      000270 1E 01                  585 	ld	e, #0x01
      000272                        586 00125$:
      000272 16 00                  587 	ld	d, #0x00
                                    588 ;src/aweleia.c:68: }
      000274 E8 0E                  589 	add	sp, #14
      000276 C9                     590 	ret
                                    591 ;src/aweleia.c:83: WORD alphabeta(UBYTE *p, WORD alpha, WORD beta, UBYTE j, UBYTE prf, UBYTE n, UBYTE *res)
                                    592 ;	---------------------------------
                                    593 ; Function alphabeta
                                    594 ; ---------------------------------
      000277                        595 _alphabeta::
      000277 E8 E0                  596 	add	sp, #-32
                                    597 ;src/aweleia.c:106: jp=0;
      000279 AF                     598 	xor	a, a
      00027A F8 1E                  599 	ldhl	sp,	#30
      00027C 77                     600 	ld	(hl), a
                                    601 ;src/aweleia.c:107: for( i=j*(NCASES+1); (i<(j+1)*NCASES+j) && (alpha<beta); i++)
      00027D F8 28                  602 	ldhl	sp,	#40
      00027F 7E                     603 	ld	a, (hl)
      000280 4F                     604 	ld	c, a
      000281 87                     605 	add	a, a
      000282 87                     606 	add	a, a
      000283 87                     607 	add	a, a
      000284 81                     608 	add	a, c
      000285 F8 1F                  609 	ldhl	sp,	#31
      000287 77                     610 	ld	(hl), a
      000288 F8 00                  611 	ldhl	sp,	#0
      00028A 7D                     612 	ld	a, l
      00028B 54                     613 	ld	d, h
      00028C F8 12                  614 	ldhl	sp,	#18
      00028E 22                     615 	ld	(hl+), a
      00028F 7A                     616 	ld	a, d
      000290 32                     617 	ld	(hl-), a
      000291 2A                     618 	ld	a, (hl+)
      000292 5E                     619 	ld	e, (hl)
      000293 23                     620 	inc	hl
      000294 22                     621 	ld	(hl+), a
      000295 73                     622 	ld	(hl), e
      000296 F8 12                  623 	ldhl	sp,	#18
      000298 2A                     624 	ld	a, (hl+)
      000299 5E                     625 	ld	e, (hl)
      00029A F8 16                  626 	ldhl	sp,	#22
      00029C 22                     627 	ld	(hl+), a
      00029D 73                     628 	ld	(hl), e
      00029E                        629 00115$:
      00029E F8 28                  630 	ldhl	sp,	#40
      0002A0 7E                     631 	ld	a, (hl)
      0002A1 F8 1A                  632 	ldhl	sp,	#26
      0002A3 77                     633 	ld	(hl), a
      0002A4 AF                     634 	xor	a, a
      0002A5 23                     635 	inc	hl
                                    636 ;c
      0002A6 32                     637 	ld	(hl-), a
      0002A7 2A                     638 	ld	a, (hl+)
      0002A8 5F                     639 	ld	e, a
      0002A9 56                     640 	ld	d, (hl)
      0002AA 6B                     641 	ld	l, e
      0002AB 62                     642 	ld	h, d
      0002AC 23                     643 	inc	hl
      0002AD E5                     644 	push	hl
      0002AE 7D                     645 	ld	a, l
      0002AF F8 1E                  646 	ldhl	sp,	#30
      0002B1 77                     647 	ld	(hl), a
      0002B2 E1                     648 	pop	hl
      0002B3 7C                     649 	ld	a, h
      0002B4 F8 1D                  650 	ldhl	sp,	#29
      0002B6 77                     651 	ld	(hl), a
      0002B7 3E 03                  652 	ld	a, #0x03
      0002B9                        653 00160$:
      0002B9 F8 1C                  654 	ldhl	sp,	#28
      0002BB CB 26                  655 	sla	(hl)
      0002BD 23                     656 	inc	hl
      0002BE CB 16                  657 	rl	(hl)
      0002C0 3D                     658 	dec	a
      0002C1 20 F6                  659 	jr	NZ, 00160$
                                    660 ;c
      0002C3 2B                     661 	dec	hl
      0002C4 2A                     662 	ld	a, (hl+)
      0002C5 5F                     663 	ld	e, a
      0002C6 56                     664 	ld	d, (hl)
      0002C7 F8 1A                  665 	ldhl	sp,	#26
      0002C9 2A                     666 	ld	a, (hl+)
      0002CA 66                     667 	ld	h, (hl)
      0002CB 6F                     668 	ld	l, a
      0002CC 19                     669 	add	hl, de
      0002CD E5                     670 	push	hl
      0002CE 7D                     671 	ld	a, l
      0002CF F8 1A                  672 	ldhl	sp,	#26
      0002D1 77                     673 	ld	(hl), a
      0002D2 E1                     674 	pop	hl
      0002D3 7C                     675 	ld	a, h
      0002D4 F8 19                  676 	ldhl	sp,	#25
      0002D6 77                     677 	ld	(hl), a
      0002D7 F8 1F                  678 	ldhl	sp,	#31
      0002D9 7E                     679 	ld	a, (hl)
      0002DA F8 1A                  680 	ldhl	sp,	#26
      0002DC 77                     681 	ld	(hl), a
      0002DD AF                     682 	xor	a, a
      0002DE 23                     683 	inc	hl
      0002DF 77                     684 	ld	(hl), a
                                    685 ;src/aweleia.c:118: res[n]=i;
                                    686 ;c
      0002E0 F8 2B                  687 	ldhl	sp,#43
      0002E2 2A                     688 	ld	a, (hl+)
      0002E3 5F                     689 	ld	e, a
      0002E4 3A                     690 	ld	a, (hl-)
      0002E5 57                     691 	ld	d, a
      0002E6 2B                     692 	dec	hl
      0002E7 6E                     693 	ld	l, (hl)
      0002E8 26 00                  694 	ld	h, #0x00
      0002EA 19                     695 	add	hl, de
      0002EB E5                     696 	push	hl
      0002EC 7D                     697 	ld	a, l
      0002ED F8 1E                  698 	ldhl	sp,	#30
      0002EF 77                     699 	ld	(hl), a
      0002F0 E1                     700 	pop	hl
      0002F1 7C                     701 	ld	a, h
      0002F2 F8 1D                  702 	ldhl	sp,	#29
      0002F4 77                     703 	ld	(hl), a
                                    704 ;src/aweleia.c:107: for( i=j*(NCASES+1); (i<(j+1)*NCASES+j) && (alpha<beta); i++)
      0002F5 F8 1A                  705 	ldhl	sp,	#26
      0002F7 5D                     706 	ld	e, l
      0002F8 54                     707 	ld	d, h
      0002F9 F8 18                  708 	ldhl	sp,	#24
      0002FB 1A                     709 	ld	a, (de)
      0002FC 96                     710 	sub	a, (hl)
      0002FD 23                     711 	inc	hl
      0002FE 13                     712 	inc	de
      0002FF 1A                     713 	ld	a, (de)
      000300 9E                     714 	sbc	a, (hl)
      000301 1A                     715 	ld	a, (de)
      000302 57                     716 	ld	d, a
      000303 CB 7E                  717 	bit	7, (hl)
      000305 28 07                  718 	jr	Z, 00161$
      000307 CB 7A                  719 	bit	7, d
      000309 20 08                  720 	jr	NZ, 00162$
      00030B BF                     721 	cp	a, a
      00030C 18 05                  722 	jr	00162$
      00030E                        723 00161$:
      00030E CB 7A                  724 	bit	7, d
      000310 28 01                  725 	jr	Z, 00162$
      000312 37                     726 	scf
      000313                        727 00162$:
      000313 D2r1Ar04               728 	jp	NC, 00110$
      000316 F8 24                  729 	ldhl	sp,	#36
      000318 5D                     730 	ld	e, l
      000319 54                     731 	ld	d, h
      00031A F8 26                  732 	ldhl	sp,	#38
      00031C 1A                     733 	ld	a, (de)
      00031D 96                     734 	sub	a, (hl)
      00031E 23                     735 	inc	hl
      00031F 13                     736 	inc	de
      000320 1A                     737 	ld	a, (de)
      000321 9E                     738 	sbc	a, (hl)
      000322 1A                     739 	ld	a, (de)
      000323 57                     740 	ld	d, a
      000324 CB 7E                  741 	bit	7, (hl)
      000326 28 07                  742 	jr	Z, 00163$
      000328 CB 7A                  743 	bit	7, d
      00032A 20 08                  744 	jr	NZ, 00164$
      00032C BF                     745 	cp	a, a
      00032D 18 05                  746 	jr	00164$
      00032F                        747 00163$:
      00032F CB 7A                  748 	bit	7, d
      000331 28 01                  749 	jr	Z, 00164$
      000333 37                     750 	scf
      000334                        751 00164$:
      000334 D2r1Ar04               752 	jp	NC, 00110$
                                    753 ;src/aweleia.c:109: jp |= p[i];
                                    754 ;c
      000337 F8 22                  755 	ldhl	sp,#34
      000339 2A                     756 	ld	a, (hl+)
      00033A 5F                     757 	ld	e, a
      00033B 56                     758 	ld	d, (hl)
      00033C F8 1F                  759 	ldhl	sp,	#31
      00033E 6E                     760 	ld	l, (hl)
      00033F 26 00                  761 	ld	h, #0x00
      000341 19                     762 	add	hl, de
      000342 4D                     763 	ld	c, l
      000343 44                     764 	ld	b, h
      000344 0A                     765 	ld	a, (bc)
      000345 F5                     766 	push	af
      000346 F8 20                  767 	ldhl	sp,	#32
      000348 B6                     768 	or	a, (hl)
      000349 77                     769 	ld	(hl), a
      00034A F1                     770 	pop	af
                                    771 ;src/aweleia.c:111: if(p[i])
      00034B B7                     772 	or	a, a
      00034C CAr14r04               773 	jp	Z, 00116$
                                    774 ;src/aweleia.c:112: if(jouer(np, p, i, j))
      00034F F8 12                  775 	ldhl	sp,#18
      000351 2A                     776 	ld	a, (hl+)
      000352 4F                     777 	ld	c, a
      000353 46                     778 	ld	b, (hl)
      000354 F8 28                  779 	ldhl	sp,	#40
      000356 7E                     780 	ld	a, (hl)
      000357 F5                     781 	push	af
      000358 33                     782 	inc	sp
      000359 F8 20                  783 	ldhl	sp,	#32
      00035B 7E                     784 	ld	a, (hl)
      00035C F5                     785 	push	af
      00035D 33                     786 	inc	sp
      00035E F8 24                  787 	ldhl	sp,	#36
      000360 2A                     788 	ld	a, (hl+)
      000361 66                     789 	ld	h, (hl)
      000362 6F                     790 	ld	l, a
      000363 E5                     791 	push	hl
      000364 C5                     792 	push	bc
      000365 CDr5Fr00               793 	call	_jouer
      000368 E8 06                  794 	add	sp, #6
      00036A 7A                     795 	ld	a, d
      00036B B3                     796 	or	a, e
      00036C 28 59                  797 	jr	Z, 00106$
                                    798 ;src/aweleia.c:114: a=alphabeta(np, alpha, beta, j, prf, n+1, res);
      00036E F8 2A                  799 	ldhl	sp,	#42
      000370 46                     800 	ld	b, (hl)
      000371 04                     801 	inc	b
      000372 F8 16                  802 	ldhl	sp,#22
      000374 2A                     803 	ld	a, (hl+)
      000375 5F                     804 	ld	e, a
      000376 56                     805 	ld	d, (hl)
      000377 F8 2B                  806 	ldhl	sp,	#43
      000379 2A                     807 	ld	a, (hl+)
      00037A 66                     808 	ld	h, (hl)
      00037B 6F                     809 	ld	l, a
      00037C E5                     810 	push	hl
      00037D C5                     811 	push	bc
      00037E 33                     812 	inc	sp
      00037F F8 2C                  813 	ldhl	sp,	#44
      000381 7E                     814 	ld	a, (hl)
      000382 F5                     815 	push	af
      000383 33                     816 	inc	sp
      000384 2B                     817 	dec	hl
      000385 7E                     818 	ld	a, (hl)
      000386 F5                     819 	push	af
      000387 33                     820 	inc	sp
      000388 2B                     821 	dec	hl
      000389 2B                     822 	dec	hl
      00038A 2A                     823 	ld	a, (hl+)
      00038B 66                     824 	ld	h, (hl)
      00038C 6F                     825 	ld	l, a
      00038D E5                     826 	push	hl
      00038E F8 2B                  827 	ldhl	sp,	#43
      000390 2A                     828 	ld	a, (hl+)
      000391 66                     829 	ld	h, (hl)
      000392 6F                     830 	ld	l, a
      000393 E5                     831 	push	hl
      000394 D5                     832 	push	de
      000395 CDr77r02               833 	call	_alphabeta
      000398 E8 0B                  834 	add	sp, #11
      00039A 4B                     835 	ld	c, e
      00039B 42                     836 	ld	b, d
                                    837 ;src/aweleia.c:115: if( a>alpha )
      00039C F8 24                  838 	ldhl	sp,	#36
      00039E 7E                     839 	ld	a, (hl)
      00039F 91                     840 	sub	a, c
      0003A0 23                     841 	inc	hl
      0003A1 7E                     842 	ld	a, (hl)
      0003A2 98                     843 	sbc	a, b
      0003A3 56                     844 	ld	d, (hl)
      0003A4 78                     845 	ld	a, b
      0003A5 CB 7F                  846 	bit	7,a
      0003A7 28 07                  847 	jr	Z, 00165$
      0003A9 CB 7A                  848 	bit	7, d
      0003AB 20 08                  849 	jr	NZ, 00166$
      0003AD BF                     850 	cp	a, a
      0003AE 18 05                  851 	jr	00166$
      0003B0                        852 00165$:
      0003B0 CB 7A                  853 	bit	7, d
      0003B2 28 01                  854 	jr	Z, 00166$
      0003B4 37                     855 	scf
      0003B5                        856 00166$:
      0003B5 30 5D                  857 	jr	NC, 00116$
                                    858 ;src/aweleia.c:117: alpha=a;
      0003B7 F8 24                  859 	ldhl	sp,	#36
      0003B9 79                     860 	ld	a, c
      0003BA 22                     861 	ld	(hl+), a
      0003BB 70                     862 	ld	(hl), b
                                    863 ;src/aweleia.c:118: res[n]=i;
      0003BC F8 1C                  864 	ldhl	sp,#28
      0003BE 2A                     865 	ld	a, (hl+)
      0003BF 5F                     866 	ld	e, a
      0003C0 2A                     867 	ld	a, (hl+)
      0003C1 57                     868 	ld	d, a
      0003C2 23                     869 	inc	hl
      0003C3 7E                     870 	ld	a, (hl)
      0003C4 12                     871 	ld	(de), a
      0003C5 18 4D                  872 	jr	00116$
      0003C7                        873 00106$:
                                    874 ;src/aweleia.c:123: a=minmax(np, alpha, beta, j, prf-1);
      0003C7 F8 29                  875 	ldhl	sp,	#41
      0003C9 7E                     876 	ld	a, (hl)
      0003CA 3D                     877 	dec	a
      0003CB F8 14                  878 	ldhl	sp,#20
      0003CD 4E                     879 	ld	c, (hl)
      0003CE 23                     880 	inc	hl
      0003CF 46                     881 	ld	b, (hl)
      0003D0 F5                     882 	push	af
      0003D1 33                     883 	inc	sp
      0003D2 F8 29                  884 	ldhl	sp,	#41
      0003D4 7E                     885 	ld	a, (hl)
      0003D5 F5                     886 	push	af
      0003D6 33                     887 	inc	sp
      0003D7 2B                     888 	dec	hl
      0003D8 2B                     889 	dec	hl
      0003D9 2A                     890 	ld	a, (hl+)
      0003DA 66                     891 	ld	h, (hl)
      0003DB 6F                     892 	ld	l, a
      0003DC E5                     893 	push	hl
      0003DD F8 28                  894 	ldhl	sp,	#40
      0003DF 2A                     895 	ld	a, (hl+)
      0003E0 66                     896 	ld	h, (hl)
      0003E1 6F                     897 	ld	l, a
      0003E2 E5                     898 	push	hl
      0003E3 C5                     899 	push	bc
      0003E4 CDr43r04               900 	call	_minmax
      0003E7 E8 08                  901 	add	sp, #8
      0003E9 4B                     902 	ld	c, e
      0003EA 42                     903 	ld	b, d
                                    904 ;src/aweleia.c:124: if( a>alpha )
      0003EB F8 24                  905 	ldhl	sp,	#36
      0003ED 7E                     906 	ld	a, (hl)
      0003EE 91                     907 	sub	a, c
      0003EF 23                     908 	inc	hl
      0003F0 7E                     909 	ld	a, (hl)
      0003F1 98                     910 	sbc	a, b
      0003F2 56                     911 	ld	d, (hl)
      0003F3 78                     912 	ld	a, b
      0003F4 CB 7F                  913 	bit	7,a
      0003F6 28 07                  914 	jr	Z, 00167$
      0003F8 CB 7A                  915 	bit	7, d
      0003FA 20 08                  916 	jr	NZ, 00168$
      0003FC BF                     917 	cp	a, a
      0003FD 18 05                  918 	jr	00168$
      0003FF                        919 00167$:
      0003FF CB 7A                  920 	bit	7, d
      000401 28 01                  921 	jr	Z, 00168$
      000403 37                     922 	scf
      000404                        923 00168$:
      000404 30 0E                  924 	jr	NC, 00116$
                                    925 ;src/aweleia.c:126: alpha=a;
      000406 F8 24                  926 	ldhl	sp,	#36
      000408 79                     927 	ld	a, c
      000409 22                     928 	ld	(hl+), a
      00040A 70                     929 	ld	(hl), b
                                    930 ;src/aweleia.c:127: res[n]=i;
      00040B F8 1C                  931 	ldhl	sp,#28
      00040D 2A                     932 	ld	a, (hl+)
      00040E 5F                     933 	ld	e, a
      00040F 2A                     934 	ld	a, (hl+)
      000410 57                     935 	ld	d, a
      000411 23                     936 	inc	hl
      000412 7E                     937 	ld	a, (hl)
      000413 12                     938 	ld	(de), a
      000414                        939 00116$:
                                    940 ;src/aweleia.c:107: for( i=j*(NCASES+1); (i<(j+1)*NCASES+j) && (alpha<beta); i++)
      000414 F8 1F                  941 	ldhl	sp,	#31
      000416 34                     942 	inc	(hl)
      000417 C3r9Er02               943 	jp	00115$
      00041A                        944 00110$:
                                    945 ;src/aweleia.c:154: if(!jp)
      00041A F8 1E                  946 	ldhl	sp,	#30
      00041C 7E                     947 	ld	a, (hl)
      00041D B7                     948 	or	a, a
      00041E 20 1B                  949 	jr	NZ, 00112$
                                    950 ;src/aweleia.c:158: res[n]=i;
      000420 2B                     951 	dec	hl
      000421 2B                     952 	dec	hl
      000422 2A                     953 	ld	a, (hl+)
      000423 5F                     954 	ld	e, a
      000424 2A                     955 	ld	a, (hl+)
      000425 57                     956 	ld	d, a
      000426 23                     957 	inc	hl
      000427 7E                     958 	ld	a, (hl)
      000428 12                     959 	ld	(de), a
                                    960 ;src/aweleia.c:159: return( eval(p, j) );
      000429 F8 28                  961 	ldhl	sp,	#40
      00042B 7E                     962 	ld	a, (hl)
      00042C F5                     963 	push	af
      00042D 33                     964 	inc	sp
      00042E F8 23                  965 	ldhl	sp,	#35
      000430 2A                     966 	ld	a, (hl+)
      000431 66                     967 	ld	h, (hl)
      000432 6F                     968 	ld	l, a
      000433 E5                     969 	push	hl
      000434 CDrC5r07               970 	call	_eval
      000437 E8 03                  971 	add	sp, #3
      000439 18 05                  972 	jr	00117$
      00043B                        973 00112$:
                                    974 ;src/aweleia.c:162: return( alpha );
      00043B F8 24                  975 	ldhl	sp,#36
      00043D 2A                     976 	ld	a, (hl+)
      00043E 5F                     977 	ld	e, a
      00043F 56                     978 	ld	d, (hl)
      000440                        979 00117$:
                                    980 ;src/aweleia.c:163: }
      000440 E8 20                  981 	add	sp, #32
      000442 C9                     982 	ret
                                    983 ;src/aweleia.c:166: WORD minmax(UBYTE *p, WORD alpha, WORD beta, UBYTE j, UBYTE prf)
                                    984 ;	---------------------------------
                                    985 ; Function minmax
                                    986 ; ---------------------------------
      000443                        987 _minmax::
      000443 E8 E1                  988 	add	sp, #-31
                                    989 ;src/aweleia.c:168: register UBYTE np[LGPLAT], i, jp=0, jo;
      000445 AF                     990 	xor	a, a
      000446 F8 1D                  991 	ldhl	sp,	#29
      000448 77                     992 	ld	(hl), a
                                    993 ;src/aweleia.c:170: if(prf<=0)
      000449 F8 28                  994 	ldhl	sp,	#40
      00044B 7E                     995 	ld	a, (hl)
      00044C B7                     996 	or	a, a
      00044D 20 12                  997 	jr	NZ, 00102$
                                    998 ;src/aweleia.c:171: return( eval(p,j) );
      00044F 2B                     999 	dec	hl
      000450 7E                    1000 	ld	a, (hl)
      000451 F5                    1001 	push	af
      000452 33                    1002 	inc	sp
      000453 F8 22                 1003 	ldhl	sp,	#34
      000455 2A                    1004 	ld	a, (hl+)
      000456 66                    1005 	ld	h, (hl)
      000457 6F                    1006 	ld	l, a
      000458 E5                    1007 	push	hl
      000459 CDrC5r07              1008 	call	_eval
      00045C E8 03                 1009 	add	sp, #3
      00045E C3r04r06              1010 	jp	00115$
      000461                       1011 00102$:
                                   1012 ;src/aweleia.c:173: jo=1-j;
      000461 F8 27                 1013 	ldhl	sp,	#39
      000463 4E                    1014 	ld	c, (hl)
      000464 3E 01                 1015 	ld	a, #0x01
      000466 91                    1016 	sub	a, c
      000467 F8 12                 1017 	ldhl	sp,	#18
                                   1018 ;src/aweleia.c:175: for( i=jo*(NCASES+1); (i<(jo+1)*NCASES+jo) && (alpha<beta); i++)
      000469 77                    1019 	ld	(hl), a
      00046A 4F                    1020 	ld	c, a
      00046B 87                    1021 	add	a, a
      00046C 87                    1022 	add	a, a
      00046D 87                    1023 	add	a, a
      00046E 81                    1024 	add	a, c
      00046F F8 1E                 1025 	ldhl	sp,	#30
      000471 77                    1026 	ld	(hl), a
      000472 F8 00                 1027 	ldhl	sp,	#0
      000474 7D                    1028 	ld	a, l
      000475 54                    1029 	ld	d, h
      000476 F8 13                 1030 	ldhl	sp,	#19
      000478 22                    1031 	ld	(hl+), a
      000479 7A                    1032 	ld	a, d
      00047A 32                    1033 	ld	(hl-), a
      00047B 2A                    1034 	ld	a, (hl+)
      00047C 5E                    1035 	ld	e, (hl)
      00047D 23                    1036 	inc	hl
      00047E 22                    1037 	ld	(hl+), a
      00047F 73                    1038 	ld	(hl), e
      000480                       1039 00113$:
      000480 F8 12                 1040 	ldhl	sp,	#18
      000482 7E                    1041 	ld	a, (hl)
      000483 F8 17                 1042 	ldhl	sp,	#23
      000485 77                    1043 	ld	(hl), a
      000486 AF                    1044 	xor	a, a
      000487 23                    1045 	inc	hl
                                   1046 ;c
      000488 32                    1047 	ld	(hl-), a
      000489 2A                    1048 	ld	a, (hl+)
      00048A 5F                    1049 	ld	e, a
      00048B 56                    1050 	ld	d, (hl)
      00048C 6B                    1051 	ld	l, e
      00048D 62                    1052 	ld	h, d
      00048E 23                    1053 	inc	hl
      00048F E5                    1054 	push	hl
      000490 7D                    1055 	ld	a, l
      000491 F8 1D                 1056 	ldhl	sp,	#29
      000493 77                    1057 	ld	(hl), a
      000494 E1                    1058 	pop	hl
      000495 7C                    1059 	ld	a, h
      000496 F8 1C                 1060 	ldhl	sp,	#28
      000498 32                    1061 	ld	(hl-), a
      000499 3A                    1062 	ld	a, (hl-)
      00049A 2B                    1063 	dec	hl
      00049B 77                    1064 	ld	(hl), a
      00049C F8 1C                 1065 	ldhl	sp,	#28
      00049E 3A                    1066 	ld	a, (hl-)
      00049F 2B                    1067 	dec	hl
      0004A0 77                    1068 	ld	(hl), a
      0004A1 3E 03                 1069 	ld	a, #0x03
      0004A3                       1070 00167$:
      0004A3 F8 19                 1071 	ldhl	sp,	#25
      0004A5 CB 26                 1072 	sla	(hl)
      0004A7 23                    1073 	inc	hl
      0004A8 CB 16                 1074 	rl	(hl)
      0004AA 3D                    1075 	dec	a
      0004AB 20 F6                 1076 	jr	NZ, 00167$
                                   1077 ;c
      0004AD 2B                    1078 	dec	hl
      0004AE 2A                    1079 	ld	a, (hl+)
      0004AF 5F                    1080 	ld	e, a
      0004B0 56                    1081 	ld	d, (hl)
      0004B1 F8 17                 1082 	ldhl	sp,	#23
      0004B3 2A                    1083 	ld	a, (hl+)
      0004B4 66                    1084 	ld	h, (hl)
      0004B5 6F                    1085 	ld	l, a
      0004B6 19                    1086 	add	hl, de
      0004B7 E5                    1087 	push	hl
      0004B8 7D                    1088 	ld	a, l
      0004B9 F8 1D                 1089 	ldhl	sp,	#29
      0004BB 77                    1090 	ld	(hl), a
      0004BC E1                    1091 	pop	hl
      0004BD 7C                    1092 	ld	a, h
      0004BE F8 1C                 1093 	ldhl	sp,	#28
      0004C0 22                    1094 	ld	(hl+), a
      0004C1 23                    1095 	inc	hl
      0004C2 7E                    1096 	ld	a, (hl)
      0004C3 F8 19                 1097 	ldhl	sp,	#25
      0004C5 77                    1098 	ld	(hl), a
      0004C6 AF                    1099 	xor	a, a
      0004C7 23                    1100 	inc	hl
      0004C8 77                    1101 	ld	(hl), a
      0004C9 F8 19                 1102 	ldhl	sp,	#25
      0004CB 5D                    1103 	ld	e, l
      0004CC 54                    1104 	ld	d, h
      0004CD F8 1B                 1105 	ldhl	sp,	#27
      0004CF 1A                    1106 	ld	a, (de)
      0004D0 96                    1107 	sub	a, (hl)
      0004D1 23                    1108 	inc	hl
      0004D2 13                    1109 	inc	de
      0004D3 1A                    1110 	ld	a, (de)
      0004D4 9E                    1111 	sbc	a, (hl)
      0004D5 1A                    1112 	ld	a, (de)
      0004D6 57                    1113 	ld	d, a
      0004D7 CB 7E                 1114 	bit	7, (hl)
      0004D9 28 07                 1115 	jr	Z, 00168$
      0004DB CB 7A                 1116 	bit	7, d
      0004DD 20 08                 1117 	jr	NZ, 00169$
      0004DF BF                    1118 	cp	a, a
      0004E0 18 05                 1119 	jr	00169$
      0004E2                       1120 00168$:
      0004E2 CB 7A                 1121 	bit	7, d
      0004E4 28 01                 1122 	jr	Z, 00169$
      0004E6 37                    1123 	scf
      0004E7                       1124 00169$:
      0004E7 D2rE7r05              1125 	jp	NC, 00108$
      0004EA F8 23                 1126 	ldhl	sp,	#35
      0004EC 5D                    1127 	ld	e, l
      0004ED 54                    1128 	ld	d, h
      0004EE F8 25                 1129 	ldhl	sp,	#37
      0004F0 1A                    1130 	ld	a, (de)
      0004F1 96                    1131 	sub	a, (hl)
      0004F2 23                    1132 	inc	hl
      0004F3 13                    1133 	inc	de
      0004F4 1A                    1134 	ld	a, (de)
      0004F5 9E                    1135 	sbc	a, (hl)
      0004F6 1A                    1136 	ld	a, (de)
      0004F7 57                    1137 	ld	d, a
      0004F8 CB 7E                 1138 	bit	7, (hl)
      0004FA 28 07                 1139 	jr	Z, 00170$
      0004FC CB 7A                 1140 	bit	7, d
      0004FE 20 08                 1141 	jr	NZ, 00171$
      000500 BF                    1142 	cp	a, a
      000501 18 05                 1143 	jr	00171$
      000503                       1144 00170$:
      000503 CB 7A                 1145 	bit	7, d
      000505 28 01                 1146 	jr	Z, 00171$
      000507 37                    1147 	scf
      000508                       1148 00171$:
      000508 D2rE7r05              1149 	jp	NC, 00108$
                                   1150 ;src/aweleia.c:177: jp |= p[i];
                                   1151 ;c
      00050B F8 21                 1152 	ldhl	sp,#33
      00050D 2A                    1153 	ld	a, (hl+)
      00050E 5F                    1154 	ld	e, a
      00050F 56                    1155 	ld	d, (hl)
      000510 F8 1E                 1156 	ldhl	sp,	#30
      000512 6E                    1157 	ld	l, (hl)
      000513 26 00                 1158 	ld	h, #0x00
      000515 19                    1159 	add	hl, de
      000516 4D                    1160 	ld	c, l
      000517 44                    1161 	ld	b, h
      000518 0A                    1162 	ld	a, (bc)
      000519 F5                    1163 	push	af
      00051A F8 1F                 1164 	ldhl	sp,	#31
      00051C B6                    1165 	or	a, (hl)
      00051D 77                    1166 	ld	(hl), a
      00051E F1                    1167 	pop	af
                                   1168 ;src/aweleia.c:178: if( p[i] )
      00051F B7                    1169 	or	a, a
      000520 CArE1r05              1170 	jp	Z, 00114$
                                   1171 ;src/aweleia.c:179: if( jouer(np, p, i, jo) )
      000523 F8 13                 1172 	ldhl	sp,#19
      000525 2A                    1173 	ld	a, (hl+)
      000526 4F                    1174 	ld	c, a
      000527 3A                    1175 	ld	a, (hl-)
      000528 47                    1176 	ld	b, a
      000529 2B                    1177 	dec	hl
      00052A 7E                    1178 	ld	a, (hl)
      00052B F5                    1179 	push	af
      00052C 33                    1180 	inc	sp
      00052D F8 1F                 1181 	ldhl	sp,	#31
      00052F 7E                    1182 	ld	a, (hl)
      000530 F5                    1183 	push	af
      000531 33                    1184 	inc	sp
      000532 F8 23                 1185 	ldhl	sp,	#35
      000534 2A                    1186 	ld	a, (hl+)
      000535 66                    1187 	ld	h, (hl)
      000536 6F                    1188 	ld	l, a
      000537 E5                    1189 	push	hl
      000538 C5                    1190 	push	bc
      000539 CDr5Fr00              1191 	call	_jouer
      00053C E8 06                 1192 	add	sp, #6
      00053E 4B                    1193 	ld	c, e
      00053F 42                    1194 	ld	b, d
                                   1195 ;src/aweleia.c:182: beta = MIN(b, beta);
      000540 F8 25                 1196 	ldhl	sp,	#37
      000542 2A                    1197 	ld	a, (hl+)
      000543 5E                    1198 	ld	e, (hl)
      000544 F8 1B                 1199 	ldhl	sp,	#27
      000546 22                    1200 	ld	(hl+), a
      000547 73                    1201 	ld	(hl), e
                                   1202 ;src/aweleia.c:179: if( jouer(np, p, i, jo) )
      000548 78                    1203 	ld	a, b
      000549 B1                    1204 	or	a, c
      00054A 28 4C                 1205 	jr	Z, 00104$
                                   1206 ;src/aweleia.c:181: b = minmax(np, alpha, beta, j, prf);
      00054C F8 13                 1207 	ldhl	sp,#19
      00054E 2A                    1208 	ld	a, (hl+)
      00054F 4F                    1209 	ld	c, a
      000550 46                    1210 	ld	b, (hl)
      000551 F8 28                 1211 	ldhl	sp,	#40
      000553 7E                    1212 	ld	a, (hl)
      000554 F5                    1213 	push	af
      000555 33                    1214 	inc	sp
      000556 2B                    1215 	dec	hl
      000557 7E                    1216 	ld	a, (hl)
      000558 F5                    1217 	push	af
      000559 33                    1218 	inc	sp
      00055A 2B                    1219 	dec	hl
      00055B 2B                    1220 	dec	hl
      00055C 2A                    1221 	ld	a, (hl+)
      00055D 66                    1222 	ld	h, (hl)
      00055E 6F                    1223 	ld	l, a
      00055F E5                    1224 	push	hl
      000560 F8 27                 1225 	ldhl	sp,	#39
      000562 2A                    1226 	ld	a, (hl+)
      000563 66                    1227 	ld	h, (hl)
      000564 6F                    1228 	ld	l, a
      000565 E5                    1229 	push	hl
      000566 C5                    1230 	push	bc
      000567 CDr43r04              1231 	call	_minmax
      00056A E8 08                 1232 	add	sp, #8
      00056C 4B                    1233 	ld	c, e
      00056D 42                    1234 	ld	b, d
                                   1235 ;src/aweleia.c:182: beta = MIN(b, beta);
      00056E F8 25                 1236 	ldhl	sp,	#37
      000570 79                    1237 	ld	a, c
      000571 96                    1238 	sub	a, (hl)
      000572 23                    1239 	inc	hl
      000573 78                    1240 	ld	a, b
      000574 9E                    1241 	sbc	a, (hl)
      000575 78                    1242 	ld	a, b
      000576 57                    1243 	ld	d, a
      000577 CB 7E                 1244 	bit	7, (hl)
      000579 28 07                 1245 	jr	Z, 00172$
      00057B CB 7A                 1246 	bit	7, d
      00057D 20 08                 1247 	jr	NZ, 00173$
      00057F BF                    1248 	cp	a, a
      000580 18 05                 1249 	jr	00173$
      000582                       1250 00172$:
      000582 CB 7A                 1251 	bit	7, d
      000584 28 01                 1252 	jr	Z, 00173$
      000586 37                    1253 	scf
      000587                       1254 00173$:
      000587 30 05                 1255 	jr	NC, 00117$
      000589 F8 1B                 1256 	ldhl	sp,	#27
      00058B 79                    1257 	ld	a, c
      00058C 22                    1258 	ld	(hl+), a
      00058D 70                    1259 	ld	(hl), b
      00058E                       1260 00117$:
      00058E F8 1B                 1261 	ldhl	sp,	#27
      000590 2A                    1262 	ld	a, (hl+)
      000591 5E                    1263 	ld	e, (hl)
      000592 F8 25                 1264 	ldhl	sp,	#37
      000594 22                    1265 	ld	(hl+), a
      000595 73                    1266 	ld	(hl), e
      000596 18 49                 1267 	jr	00114$
      000598                       1268 00104$:
                                   1269 ;src/aweleia.c:186: b = maxmin(np, alpha, beta, j, prf-1);
      000598 F8 28                 1270 	ldhl	sp,	#40
      00059A 7E                    1271 	ld	a, (hl)
      00059B 3D                    1272 	dec	a
      00059C F8 15                 1273 	ldhl	sp,#21
      00059E 4E                    1274 	ld	c, (hl)
      00059F 23                    1275 	inc	hl
      0005A0 46                    1276 	ld	b, (hl)
      0005A1 F5                    1277 	push	af
      0005A2 33                    1278 	inc	sp
      0005A3 F8 28                 1279 	ldhl	sp,	#40
      0005A5 7E                    1280 	ld	a, (hl)
      0005A6 F5                    1281 	push	af
      0005A7 33                    1282 	inc	sp
      0005A8 2B                    1283 	dec	hl
      0005A9 2B                    1284 	dec	hl
      0005AA 2A                    1285 	ld	a, (hl+)
      0005AB 66                    1286 	ld	h, (hl)
      0005AC 6F                    1287 	ld	l, a
      0005AD E5                    1288 	push	hl
      0005AE F8 27                 1289 	ldhl	sp,	#39
      0005B0 2A                    1290 	ld	a, (hl+)
      0005B1 66                    1291 	ld	h, (hl)
      0005B2 6F                    1292 	ld	l, a
      0005B3 E5                    1293 	push	hl
      0005B4 C5                    1294 	push	bc
      0005B5 CDr07r06              1295 	call	_maxmin
      0005B8 E8 08                 1296 	add	sp, #8
      0005BA 4B                    1297 	ld	c, e
      0005BB 42                    1298 	ld	b, d
                                   1299 ;src/aweleia.c:187: beta = MIN(b, beta);
      0005BC F8 25                 1300 	ldhl	sp,	#37
      0005BE 79                    1301 	ld	a, c
      0005BF 96                    1302 	sub	a, (hl)
      0005C0 23                    1303 	inc	hl
      0005C1 78                    1304 	ld	a, b
      0005C2 9E                    1305 	sbc	a, (hl)
      0005C3 78                    1306 	ld	a, b
      0005C4 57                    1307 	ld	d, a
      0005C5 CB 7E                 1308 	bit	7, (hl)
      0005C7 28 07                 1309 	jr	Z, 00174$
      0005C9 CB 7A                 1310 	bit	7, d
      0005CB 20 08                 1311 	jr	NZ, 00175$
      0005CD BF                    1312 	cp	a, a
      0005CE 18 05                 1313 	jr	00175$
      0005D0                       1314 00174$:
      0005D0 CB 7A                 1315 	bit	7, d
      0005D2 28 01                 1316 	jr	Z, 00175$
      0005D4 37                    1317 	scf
      0005D5                       1318 00175$:
      0005D5 38 05                 1319 	jr	C, 00120$
      0005D7 F8 1B                 1320 	ldhl	sp,#27
      0005D9 2A                    1321 	ld	a, (hl+)
      0005DA 4F                    1322 	ld	c, a
      0005DB 46                    1323 	ld	b, (hl)
      0005DC                       1324 00120$:
      0005DC F8 25                 1325 	ldhl	sp,	#37
      0005DE 79                    1326 	ld	a, c
      0005DF 22                    1327 	ld	(hl+), a
      0005E0 70                    1328 	ld	(hl), b
      0005E1                       1329 00114$:
                                   1330 ;src/aweleia.c:175: for( i=jo*(NCASES+1); (i<(jo+1)*NCASES+jo) && (alpha<beta); i++)
      0005E1 F8 1E                 1331 	ldhl	sp,	#30
      0005E3 34                    1332 	inc	(hl)
      0005E4 C3r80r04              1333 	jp	00113$
      0005E7                       1334 00108$:
                                   1335 ;src/aweleia.c:191: if( !jp )
      0005E7 F8 1D                 1336 	ldhl	sp,	#29
      0005E9 7E                    1337 	ld	a, (hl)
      0005EA B7                    1338 	or	a, a
      0005EB 20 12                 1339 	jr	NZ, 00110$
                                   1340 ;src/aweleia.c:192: return( eval(p, j) );
      0005ED F8 27                 1341 	ldhl	sp,	#39
      0005EF 7E                    1342 	ld	a, (hl)
      0005F0 F5                    1343 	push	af
      0005F1 33                    1344 	inc	sp
      0005F2 F8 22                 1345 	ldhl	sp,	#34
      0005F4 2A                    1346 	ld	a, (hl+)
      0005F5 66                    1347 	ld	h, (hl)
      0005F6 6F                    1348 	ld	l, a
      0005F7 E5                    1349 	push	hl
      0005F8 CDrC5r07              1350 	call	_eval
      0005FB E8 03                 1351 	add	sp, #3
      0005FD 18 05                 1352 	jr	00115$
      0005FF                       1353 00110$:
                                   1354 ;src/aweleia.c:194: return( beta );
      0005FF F8 25                 1355 	ldhl	sp,#37
      000601 2A                    1356 	ld	a, (hl+)
      000602 5F                    1357 	ld	e, a
      000603 56                    1358 	ld	d, (hl)
      000604                       1359 00115$:
                                   1360 ;src/aweleia.c:195: }
      000604 E8 1F                 1361 	add	sp, #31
      000606 C9                    1362 	ret
                                   1363 ;src/aweleia.c:198: WORD maxmin(UBYTE *p, WORD alpha, WORD beta, UBYTE j, UBYTE prf)
                                   1364 ;	---------------------------------
                                   1365 ; Function maxmin
                                   1366 ; ---------------------------------
      000607                       1367 _maxmin::
      000607 E8 E2                 1368 	add	sp, #-30
                                   1369 ;src/aweleia.c:200: register UBYTE np[LGPLAT], i, jp=0;
      000609 AF                    1370 	xor	a, a
      00060A F8 1C                 1371 	ldhl	sp,	#28
      00060C 77                    1372 	ld	(hl), a
                                   1373 ;src/aweleia.c:202: if(prf<=0)
      00060D F8 27                 1374 	ldhl	sp,	#39
      00060F 7E                    1375 	ld	a, (hl)
      000610 B7                    1376 	or	a, a
      000611 20 12                 1377 	jr	NZ, 00102$
                                   1378 ;src/aweleia.c:203: return( eval(p,j) );
      000613 2B                    1379 	dec	hl
      000614 7E                    1380 	ld	a, (hl)
      000615 F5                    1381 	push	af
      000616 33                    1382 	inc	sp
      000617 F8 21                 1383 	ldhl	sp,	#33
      000619 2A                    1384 	ld	a, (hl+)
      00061A 66                    1385 	ld	h, (hl)
      00061B 6F                    1386 	ld	l, a
      00061C E5                    1387 	push	hl
      00061D CDrC5r07              1388 	call	_eval
      000620 E8 03                 1389 	add	sp, #3
      000622 C3rC2r07              1390 	jp	00115$
      000625                       1391 00102$:
                                   1392 ;src/aweleia.c:205: for( i=j*(NCASES+1); (i<(j+1)*NCASES+j) && (alpha<beta); i++)
      000625 F8 26                 1393 	ldhl	sp,	#38
      000627 7E                    1394 	ld	a, (hl)
      000628 4F                    1395 	ld	c, a
      000629 87                    1396 	add	a, a
      00062A 87                    1397 	add	a, a
      00062B 87                    1398 	add	a, a
      00062C 81                    1399 	add	a, c
      00062D F8 1D                 1400 	ldhl	sp,	#29
      00062F 77                    1401 	ld	(hl), a
      000630 F8 00                 1402 	ldhl	sp,	#0
      000632 7D                    1403 	ld	a, l
      000633 54                    1404 	ld	d, h
      000634 F8 12                 1405 	ldhl	sp,	#18
      000636 22                    1406 	ld	(hl+), a
      000637 7A                    1407 	ld	a, d
      000638 32                    1408 	ld	(hl-), a
      000639 2A                    1409 	ld	a, (hl+)
      00063A 5E                    1410 	ld	e, (hl)
      00063B 23                    1411 	inc	hl
      00063C 22                    1412 	ld	(hl+), a
      00063D 73                    1413 	ld	(hl), e
      00063E                       1414 00113$:
      00063E F8 26                 1415 	ldhl	sp,	#38
      000640 7E                    1416 	ld	a, (hl)
      000641 F8 16                 1417 	ldhl	sp,	#22
      000643 77                    1418 	ld	(hl), a
      000644 AF                    1419 	xor	a, a
      000645 23                    1420 	inc	hl
                                   1421 ;c
      000646 32                    1422 	ld	(hl-), a
      000647 2A                    1423 	ld	a, (hl+)
      000648 5F                    1424 	ld	e, a
      000649 56                    1425 	ld	d, (hl)
      00064A 6B                    1426 	ld	l, e
      00064B 62                    1427 	ld	h, d
      00064C 23                    1428 	inc	hl
      00064D E5                    1429 	push	hl
      00064E 7D                    1430 	ld	a, l
      00064F F8 1C                 1431 	ldhl	sp,	#28
      000651 77                    1432 	ld	(hl), a
      000652 E1                    1433 	pop	hl
      000653 7C                    1434 	ld	a, h
      000654 F8 1B                 1435 	ldhl	sp,	#27
      000656 32                    1436 	ld	(hl-), a
      000657 3A                    1437 	ld	a, (hl-)
      000658 2B                    1438 	dec	hl
      000659 77                    1439 	ld	(hl), a
      00065A F8 1B                 1440 	ldhl	sp,	#27
      00065C 3A                    1441 	ld	a, (hl-)
      00065D 2B                    1442 	dec	hl
      00065E 77                    1443 	ld	(hl), a
      00065F 3E 03                 1444 	ld	a, #0x03
      000661                       1445 00167$:
      000661 F8 18                 1446 	ldhl	sp,	#24
      000663 CB 26                 1447 	sla	(hl)
      000665 23                    1448 	inc	hl
      000666 CB 16                 1449 	rl	(hl)
      000668 3D                    1450 	dec	a
      000669 20 F6                 1451 	jr	NZ, 00167$
                                   1452 ;c
      00066B 2B                    1453 	dec	hl
      00066C 2A                    1454 	ld	a, (hl+)
      00066D 5F                    1455 	ld	e, a
      00066E 56                    1456 	ld	d, (hl)
      00066F F8 16                 1457 	ldhl	sp,	#22
      000671 2A                    1458 	ld	a, (hl+)
      000672 66                    1459 	ld	h, (hl)
      000673 6F                    1460 	ld	l, a
      000674 19                    1461 	add	hl, de
      000675 E5                    1462 	push	hl
      000676 7D                    1463 	ld	a, l
      000677 F8 1C                 1464 	ldhl	sp,	#28
      000679 77                    1465 	ld	(hl), a
      00067A E1                    1466 	pop	hl
      00067B 7C                    1467 	ld	a, h
      00067C F8 1B                 1468 	ldhl	sp,	#27
      00067E 22                    1469 	ld	(hl+), a
      00067F 23                    1470 	inc	hl
      000680 7E                    1471 	ld	a, (hl)
      000681 F8 18                 1472 	ldhl	sp,	#24
      000683 77                    1473 	ld	(hl), a
      000684 AF                    1474 	xor	a, a
      000685 23                    1475 	inc	hl
      000686 77                    1476 	ld	(hl), a
      000687 F8 18                 1477 	ldhl	sp,	#24
      000689 5D                    1478 	ld	e, l
      00068A 54                    1479 	ld	d, h
      00068B F8 1A                 1480 	ldhl	sp,	#26
      00068D 1A                    1481 	ld	a, (de)
      00068E 96                    1482 	sub	a, (hl)
      00068F 23                    1483 	inc	hl
      000690 13                    1484 	inc	de
      000691 1A                    1485 	ld	a, (de)
      000692 9E                    1486 	sbc	a, (hl)
      000693 1A                    1487 	ld	a, (de)
      000694 57                    1488 	ld	d, a
      000695 CB 7E                 1489 	bit	7, (hl)
      000697 28 07                 1490 	jr	Z, 00168$
      000699 CB 7A                 1491 	bit	7, d
      00069B 20 08                 1492 	jr	NZ, 00169$
      00069D BF                    1493 	cp	a, a
      00069E 18 05                 1494 	jr	00169$
      0006A0                       1495 00168$:
      0006A0 CB 7A                 1496 	bit	7, d
      0006A2 28 01                 1497 	jr	Z, 00169$
      0006A4 37                    1498 	scf
      0006A5                       1499 00169$:
      0006A5 D2rA5r07              1500 	jp	NC, 00108$
      0006A8 F8 22                 1501 	ldhl	sp,	#34
      0006AA 5D                    1502 	ld	e, l
      0006AB 54                    1503 	ld	d, h
      0006AC F8 24                 1504 	ldhl	sp,	#36
      0006AE 1A                    1505 	ld	a, (de)
      0006AF 96                    1506 	sub	a, (hl)
      0006B0 23                    1507 	inc	hl
      0006B1 13                    1508 	inc	de
      0006B2 1A                    1509 	ld	a, (de)
      0006B3 9E                    1510 	sbc	a, (hl)
      0006B4 1A                    1511 	ld	a, (de)
      0006B5 57                    1512 	ld	d, a
      0006B6 CB 7E                 1513 	bit	7, (hl)
      0006B8 28 07                 1514 	jr	Z, 00170$
      0006BA CB 7A                 1515 	bit	7, d
      0006BC 20 08                 1516 	jr	NZ, 00171$
      0006BE BF                    1517 	cp	a, a
      0006BF 18 05                 1518 	jr	00171$
      0006C1                       1519 00170$:
      0006C1 CB 7A                 1520 	bit	7, d
      0006C3 28 01                 1521 	jr	Z, 00171$
      0006C5 37                    1522 	scf
      0006C6                       1523 00171$:
      0006C6 D2rA5r07              1524 	jp	NC, 00108$
                                   1525 ;src/aweleia.c:207: jp |= p[i];
                                   1526 ;c
      0006C9 F8 20                 1527 	ldhl	sp,#32
      0006CB 2A                    1528 	ld	a, (hl+)
      0006CC 5F                    1529 	ld	e, a
      0006CD 56                    1530 	ld	d, (hl)
      0006CE F8 1D                 1531 	ldhl	sp,	#29
      0006D0 6E                    1532 	ld	l, (hl)
      0006D1 26 00                 1533 	ld	h, #0x00
      0006D3 19                    1534 	add	hl, de
      0006D4 4D                    1535 	ld	c, l
      0006D5 44                    1536 	ld	b, h
      0006D6 0A                    1537 	ld	a, (bc)
      0006D7 F5                    1538 	push	af
      0006D8 F8 1E                 1539 	ldhl	sp,	#30
      0006DA B6                    1540 	or	a, (hl)
      0006DB 77                    1541 	ld	(hl), a
      0006DC F1                    1542 	pop	af
                                   1543 ;src/aweleia.c:208: if( p[i] )
      0006DD B7                    1544 	or	a, a
      0006DE CAr9Fr07              1545 	jp	Z, 00114$
                                   1546 ;src/aweleia.c:209: if( jouer(np, p, i, j) )
      0006E1 F8 12                 1547 	ldhl	sp,#18
      0006E3 2A                    1548 	ld	a, (hl+)
      0006E4 4F                    1549 	ld	c, a
      0006E5 46                    1550 	ld	b, (hl)
      0006E6 F8 26                 1551 	ldhl	sp,	#38
      0006E8 7E                    1552 	ld	a, (hl)
      0006E9 F5                    1553 	push	af
      0006EA 33                    1554 	inc	sp
      0006EB F8 1E                 1555 	ldhl	sp,	#30
      0006ED 7E                    1556 	ld	a, (hl)
      0006EE F5                    1557 	push	af
      0006EF 33                    1558 	inc	sp
      0006F0 F8 22                 1559 	ldhl	sp,	#34
      0006F2 2A                    1560 	ld	a, (hl+)
      0006F3 66                    1561 	ld	h, (hl)
      0006F4 6F                    1562 	ld	l, a
      0006F5 E5                    1563 	push	hl
      0006F6 C5                    1564 	push	bc
      0006F7 CDr5Fr00              1565 	call	_jouer
      0006FA E8 06                 1566 	add	sp, #6
      0006FC 4B                    1567 	ld	c, e
      0006FD 42                    1568 	ld	b, d
                                   1569 ;src/aweleia.c:212: alpha = MAX(a, alpha);
      0006FE F8 22                 1570 	ldhl	sp,	#34
      000700 2A                    1571 	ld	a, (hl+)
      000701 5E                    1572 	ld	e, (hl)
      000702 F8 1A                 1573 	ldhl	sp,	#26
      000704 22                    1574 	ld	(hl+), a
      000705 73                    1575 	ld	(hl), e
                                   1576 ;src/aweleia.c:209: if( jouer(np, p, i, j) )
      000706 78                    1577 	ld	a, b
      000707 B1                    1578 	or	a, c
      000708 28 4C                 1579 	jr	Z, 00104$
                                   1580 ;src/aweleia.c:211: a = maxmin(np, alpha, beta, j, prf);
      00070A F8 12                 1581 	ldhl	sp,#18
      00070C 2A                    1582 	ld	a, (hl+)
      00070D 4F                    1583 	ld	c, a
      00070E 46                    1584 	ld	b, (hl)
      00070F F8 27                 1585 	ldhl	sp,	#39
      000711 7E                    1586 	ld	a, (hl)
      000712 F5                    1587 	push	af
      000713 33                    1588 	inc	sp
      000714 2B                    1589 	dec	hl
      000715 7E                    1590 	ld	a, (hl)
      000716 F5                    1591 	push	af
      000717 33                    1592 	inc	sp
      000718 2B                    1593 	dec	hl
      000719 2B                    1594 	dec	hl
      00071A 2A                    1595 	ld	a, (hl+)
      00071B 66                    1596 	ld	h, (hl)
      00071C 6F                    1597 	ld	l, a
      00071D E5                    1598 	push	hl
      00071E F8 26                 1599 	ldhl	sp,	#38
      000720 2A                    1600 	ld	a, (hl+)
      000721 66                    1601 	ld	h, (hl)
      000722 6F                    1602 	ld	l, a
      000723 E5                    1603 	push	hl
      000724 C5                    1604 	push	bc
      000725 CDr07r06              1605 	call	_maxmin
      000728 E8 08                 1606 	add	sp, #8
      00072A 4B                    1607 	ld	c, e
      00072B 42                    1608 	ld	b, d
                                   1609 ;src/aweleia.c:212: alpha = MAX(a, alpha);
      00072C F8 22                 1610 	ldhl	sp,	#34
      00072E 7E                    1611 	ld	a, (hl)
      00072F 91                    1612 	sub	a, c
      000730 23                    1613 	inc	hl
      000731 7E                    1614 	ld	a, (hl)
      000732 98                    1615 	sbc	a, b
      000733 56                    1616 	ld	d, (hl)
      000734 78                    1617 	ld	a, b
      000735 CB 7F                 1618 	bit	7,a
      000737 28 07                 1619 	jr	Z, 00172$
      000739 CB 7A                 1620 	bit	7, d
      00073B 20 08                 1621 	jr	NZ, 00173$
      00073D BF                    1622 	cp	a, a
      00073E 18 05                 1623 	jr	00173$
      000740                       1624 00172$:
      000740 CB 7A                 1625 	bit	7, d
      000742 28 01                 1626 	jr	Z, 00173$
      000744 37                    1627 	scf
      000745                       1628 00173$:
      000745 30 05                 1629 	jr	NC, 00117$
      000747 F8 1A                 1630 	ldhl	sp,	#26
      000749 79                    1631 	ld	a, c
      00074A 22                    1632 	ld	(hl+), a
      00074B 70                    1633 	ld	(hl), b
      00074C                       1634 00117$:
      00074C F8 1A                 1635 	ldhl	sp,	#26
      00074E 2A                    1636 	ld	a, (hl+)
      00074F 5E                    1637 	ld	e, (hl)
      000750 F8 22                 1638 	ldhl	sp,	#34
      000752 22                    1639 	ld	(hl+), a
      000753 73                    1640 	ld	(hl), e
      000754 18 49                 1641 	jr	00114$
      000756                       1642 00104$:
                                   1643 ;src/aweleia.c:216: a = minmax(np, alpha, beta, j, prf-1);
      000756 F8 27                 1644 	ldhl	sp,	#39
      000758 7E                    1645 	ld	a, (hl)
      000759 3D                    1646 	dec	a
      00075A F8 14                 1647 	ldhl	sp,#20
      00075C 4E                    1648 	ld	c, (hl)
      00075D 23                    1649 	inc	hl
      00075E 46                    1650 	ld	b, (hl)
      00075F F5                    1651 	push	af
      000760 33                    1652 	inc	sp
      000761 F8 27                 1653 	ldhl	sp,	#39
      000763 7E                    1654 	ld	a, (hl)
      000764 F5                    1655 	push	af
      000765 33                    1656 	inc	sp
      000766 2B                    1657 	dec	hl
      000767 2B                    1658 	dec	hl
      000768 2A                    1659 	ld	a, (hl+)
      000769 66                    1660 	ld	h, (hl)
      00076A 6F                    1661 	ld	l, a
      00076B E5                    1662 	push	hl
      00076C F8 26                 1663 	ldhl	sp,	#38
      00076E 2A                    1664 	ld	a, (hl+)
      00076F 66                    1665 	ld	h, (hl)
      000770 6F                    1666 	ld	l, a
      000771 E5                    1667 	push	hl
      000772 C5                    1668 	push	bc
      000773 CDr43r04              1669 	call	_minmax
      000776 E8 08                 1670 	add	sp, #8
      000778 4B                    1671 	ld	c, e
      000779 42                    1672 	ld	b, d
                                   1673 ;src/aweleia.c:217: alpha = MAX(a, alpha);
      00077A F8 22                 1674 	ldhl	sp,	#34
      00077C 7E                    1675 	ld	a, (hl)
      00077D 91                    1676 	sub	a, c
      00077E 23                    1677 	inc	hl
      00077F 7E                    1678 	ld	a, (hl)
      000780 98                    1679 	sbc	a, b
      000781 56                    1680 	ld	d, (hl)
      000782 78                    1681 	ld	a, b
      000783 CB 7F                 1682 	bit	7,a
      000785 28 07                 1683 	jr	Z, 00174$
      000787 CB 7A                 1684 	bit	7, d
      000789 20 08                 1685 	jr	NZ, 00175$
      00078B BF                    1686 	cp	a, a
      00078C 18 05                 1687 	jr	00175$
      00078E                       1688 00174$:
      00078E CB 7A                 1689 	bit	7, d
      000790 28 01                 1690 	jr	Z, 00175$
      000792 37                    1691 	scf
      000793                       1692 00175$:
      000793 38 05                 1693 	jr	C, 00120$
      000795 F8 1A                 1694 	ldhl	sp,#26
      000797 2A                    1695 	ld	a, (hl+)
      000798 4F                    1696 	ld	c, a
      000799 46                    1697 	ld	b, (hl)
      00079A                       1698 00120$:
      00079A F8 22                 1699 	ldhl	sp,	#34
      00079C 79                    1700 	ld	a, c
      00079D 22                    1701 	ld	(hl+), a
      00079E 70                    1702 	ld	(hl), b
      00079F                       1703 00114$:
                                   1704 ;src/aweleia.c:205: for( i=j*(NCASES+1); (i<(j+1)*NCASES+j) && (alpha<beta); i++)
      00079F F8 1D                 1705 	ldhl	sp,	#29
      0007A1 34                    1706 	inc	(hl)
      0007A2 C3r3Er06              1707 	jp	00113$
      0007A5                       1708 00108$:
                                   1709 ;src/aweleia.c:221: if( !jp )
      0007A5 F8 1C                 1710 	ldhl	sp,	#28
      0007A7 7E                    1711 	ld	a, (hl)
      0007A8 B7                    1712 	or	a, a
      0007A9 20 12                 1713 	jr	NZ, 00110$
                                   1714 ;src/aweleia.c:222: return( eval(p, j) );
      0007AB F8 26                 1715 	ldhl	sp,	#38
      0007AD 7E                    1716 	ld	a, (hl)
      0007AE F5                    1717 	push	af
      0007AF 33                    1718 	inc	sp
      0007B0 F8 21                 1719 	ldhl	sp,	#33
      0007B2 2A                    1720 	ld	a, (hl+)
      0007B3 66                    1721 	ld	h, (hl)
      0007B4 6F                    1722 	ld	l, a
      0007B5 E5                    1723 	push	hl
      0007B6 CDrC5r07              1724 	call	_eval
      0007B9 E8 03                 1725 	add	sp, #3
      0007BB 18 05                 1726 	jr	00115$
      0007BD                       1727 00110$:
                                   1728 ;src/aweleia.c:224: return( alpha );
      0007BD F8 22                 1729 	ldhl	sp,#34
      0007BF 2A                    1730 	ld	a, (hl+)
      0007C0 5F                    1731 	ld	e, a
      0007C1 56                    1732 	ld	d, (hl)
      0007C2                       1733 00115$:
                                   1734 ;src/aweleia.c:225: }
      0007C2 E8 1E                 1735 	add	sp, #30
      0007C4 C9                    1736 	ret
                                   1737 ;src/aweleia.c:228: WORD eval(UBYTE *p, UBYTE j)
                                   1738 ;	---------------------------------
                                   1739 ; Function eval
                                   1740 ; ---------------------------------
      0007C5                       1741 _eval::
      0007C5 E8 FE                 1742 	add	sp, #-2
                                   1743 ;src/aweleia.c:230: ++posEval; 
      0007C7 21r00r00              1744 	ld	hl, #_posEval
      0007CA 34                    1745 	inc	(hl)
      0007CB 20 02                 1746 	jr	NZ, 00103$
      0007CD 23                    1747 	inc	hl
      0007CE 34                    1748 	inc	(hl)
      0007CF                       1749 00103$:
                                   1750 ;src/aweleia.c:231: return( (1-2*j)*(p[KALAH1]-p[KALAH2]) );
      0007CF F8 06                 1751 	ldhl	sp,	#6
      0007D1 4E                    1752 	ld	c, (hl)
      0007D2 06 00                 1753 	ld	b, #0x00
      0007D4 CB 21                 1754 	sla	c
      0007D6 CB 10                 1755 	rl	b
      0007D8 11 01 00              1756 	ld	de, #0x0001
      0007DB 7B                    1757 	ld	a, e
      0007DC 91                    1758 	sub	a, c
      0007DD 5F                    1759 	ld	e, a
      0007DE 7A                    1760 	ld	a, d
      0007DF 98                    1761 	sbc	a, b
      0007E0 F8 01                 1762 	ldhl	sp,	#1
      0007E2 32                    1763 	ld	(hl-), a
      0007E3 73                    1764 	ld	(hl), e
                                   1765 ;c
      0007E4 F8 04                 1766 	ldhl	sp,#4
      0007E6 2A                    1767 	ld	a, (hl+)
      0007E7 5F                    1768 	ld	e, a
      0007E8 56                    1769 	ld	d, (hl)
      0007E9 21 08 00              1770 	ld	hl, #0x0008
      0007EC 19                    1771 	add	hl, de
      0007ED 4D                    1772 	ld	c, l
      0007EE 44                    1773 	ld	b, h
      0007EF 0A                    1774 	ld	a, (bc)
      0007F0 4F                    1775 	ld	c, a
      0007F1 06 00                 1776 	ld	b, #0x00
                                   1777 ;c
      0007F3 F8 04                 1778 	ldhl	sp,#4
      0007F5 2A                    1779 	ld	a, (hl+)
      0007F6 5F                    1780 	ld	e, a
      0007F7 56                    1781 	ld	d, (hl)
      0007F8 21 11 00              1782 	ld	hl, #0x0011
      0007FB 19                    1783 	add	hl, de
      0007FC 5D                    1784 	ld	e, l
      0007FD 54                    1785 	ld	d, h
      0007FE 1A                    1786 	ld	a, (de)
      0007FF 5F                    1787 	ld	e, a
      000800 16 00                 1788 	ld	d, #0x00
      000802 79                    1789 	ld	a, c
      000803 93                    1790 	sub	a, e
      000804 4F                    1791 	ld	c, a
      000805 78                    1792 	ld	a, b
      000806 9A                    1793 	sbc	a, d
      000807 47                    1794 	ld	b, a
      000808 C5                    1795 	push	bc
      000809 C1                    1796 	pop	bc
      00080A E1                    1797 	pop	hl
      00080B E5                    1798 	push	hl
      00080C C5                    1799 	push	bc
      00080D E5                    1800 	push	hl
      00080E CDr00r00              1801 	call	__mulint
      000811 E8 04                 1802 	add	sp, #4
                                   1803 ;src/aweleia.c:232: }
      000813 E8 02                 1804 	add	sp, #2
      000815 C9                    1805 	ret
                                   1806 	.area _CODE
                                   1807 	.area _CABS (ABS)
