                                      1 ;--------------------------------------------------------
                                      2 ; File Created by SDCC : free open source ANSI-C Compiler
                                      3 ; Version 4.0.7 #12016 (Mac OS X x86_64)
                                      4 ;--------------------------------------------------------
                                      5 	.module gbglobals
                                      6 	.optsdcc -mgbz80
                                      7 	
                                      8 ;--------------------------------------------------------
                                      9 ; Public variables in this module
                                     10 ;--------------------------------------------------------
                                     11 	.globl _gbglobals
                                     12 	.globl _strcpy
                                     13 ;--------------------------------------------------------
                                     14 ; special function registers
                                     15 ;--------------------------------------------------------
                                     16 ;--------------------------------------------------------
                                     17 ; ram data
                                     18 ;--------------------------------------------------------
                                     19 	.area _DATA
                                     20 ;--------------------------------------------------------
                                     21 ; absolute external ram data
                                     22 ;--------------------------------------------------------
                                     23 	.area _DABS (ABS)
                                     24 ;--------------------------------------------------------
                                     25 ; global & static initialisations
                                     26 ;--------------------------------------------------------
                                     27 	.area _HOME
                                     28 	.area _GSINIT
                                     29 	.area _GSFINAL
                                     30 	.area _GSINIT
                                     31 ;--------------------------------------------------------
                                     32 ; Home
                                     33 ;--------------------------------------------------------
                                     34 	.area _HOME
                                     35 	.area _HOME
                                     36 ;--------------------------------------------------------
                                     37 ; code
                                     38 ;--------------------------------------------------------
                                     39 	.area _CODE
                                     40 ;src/gb/gbglobals.c:8: void gbglobals()
                                     41 ;	---------------------------------
                                     42 ; Function gbglobals
                                     43 ; ---------------------------------
      000000                         44 _gbglobals::
                                     45 ;src/gb/gbglobals.c:10: strcpy(gOption2Ordinateurs,"2 Gameboy    ");
      000000 21r8Ar00                46 	ld	hl, #___str_0
      000003 E5                      47 	push	hl
      000004 21r00r00                48 	ld	hl, #_gOption2Ordinateurs
      000007 E5                      49 	push	hl
      000008 CDr00r00                50 	call	_strcpy
      00000B E8 04                   51 	add	sp, #4
                                     52 ;src/gb/gbglobals.c:11: strcpy(gOptionQuiCommence,"Qui commence ? ");
      00000D 21r98r00                53 	ld	hl, #___str_1
      000010 E5                      54 	push	hl
      000011 21r00r00                55 	ld	hl, #_gOptionQuiCommence
      000014 E5                      56 	push	hl
      000015 CDr00r00                57 	call	_strcpy
      000018 E8 04                   58 	add	sp, #4
                                     59 ;src/gb/gbglobals.c:12: strcpy(gJ1commence,"Joueur 1 commence");
      00001A 21rA8r00                60 	ld	hl, #___str_2
      00001D E5                      61 	push	hl
      00001E 21r00r00                62 	ld	hl, #_gJ1commence
      000021 E5                      63 	push	hl
      000022 CDr00r00                64 	call	_strcpy
      000025 E8 04                   65 	add	sp, #4
                                     66 ;src/gb/gbglobals.c:13: strcpy(gJ2ordi,"Je suis le joueur2");
      000027 21rBAr00                67 	ld	hl, #___str_3
      00002A E5                      68 	push	hl
      00002B 21r00r00                69 	ld	hl, #_gJ2ordi
      00002E E5                      70 	push	hl
      00002F CDr00r00                71 	call	_strcpy
      000032 E8 04                   72 	add	sp, #4
                                     73 ;src/gb/gbglobals.c:14: strcpy(gOptionProfondeur," niveau ? ");
      000034 21rCDr00                74 	ld	hl, #___str_4
      000037 E5                      75 	push	hl
      000038 21r00r00                76 	ld	hl, #_gOptionProfondeur
      00003B E5                      77 	push	hl
      00003C CDr00r00                78 	call	_strcpy
      00003F E8 04                   79 	add	sp, #4
                                     80 ;src/gb/gbglobals.c:15: strcpy(gPositionsEvaluees,"_valu_es");  //"positions _valu_es :      ");
      000041 21rD8r00                81 	ld	hl, #___str_5
      000044 E5                      82 	push	hl
      000045 21r00r00                83 	ld	hl, #_gPositionsEvaluees
      000048 E5                      84 	push	hl
      000049 CDr00r00                85 	call	_strcpy
      00004C E8 04                   86 	add	sp, #4
                                     87 ;src/gb/gbglobals.c:17: strcpy(gQuelleCase,"quelle case ? ");
      00004E 21rE1r00                88 	ld	hl, #___str_6
      000051 E5                      89 	push	hl
      000052 21r00r00                90 	ld	hl, #_gQuelleCase
      000055 E5                      91 	push	hl
      000056 CDr00r00                92 	call	_strcpy
      000059 E8 04                   93 	add	sp, #4
                                     94 ;src/gb/gbglobals.c:18: strcpy(gVainqueur," vainqueur");
      00005B 21rF0r00                95 	ld	hl, #___str_7
      00005E E5                      96 	push	hl
      00005F 21r00r00                97 	ld	hl, #_gVainqueur
      000062 E5                      98 	push	hl
      000063 CDr00r00                99 	call	_strcpy
      000066 E8 04                  100 	add	sp, #4
                                    101 ;src/gb/gbglobals.c:19: strcpy(gEgalite,"Egalit_");
      000068 21rFBr00               102 	ld	hl, #___str_8
      00006B E5                     103 	push	hl
      00006C 21r00r00               104 	ld	hl, #_gEgalite
      00006F E5                     105 	push	hl
      000070 CDr00r00               106 	call	_strcpy
      000073 E8 04                  107 	add	sp, #4
                                    108 ;src/gb/gbglobals.c:22: gEgalite[6]=(char)130;
      000075 21r06r00               109 	ld	hl, #(_gEgalite + 0x0006)
      000078 36 82                  110 	ld	(hl), #0x82
                                    111 ;src/gb/gbglobals.c:23: gPositionsEvaluees[0]=gPositionsEvaluees[5]=(char)130;
      00007A 21r05r00               112 	ld	hl, #(_gPositionsEvaluees + 0x0005)
      00007D 36 82                  113 	ld	(hl), #0x82
      00007F 21r00r00               114 	ld	hl, #_gPositionsEvaluees
      000082 36 82                  115 	ld	(hl), #0x82
                                    116 ;src/gb/gbglobals.c:24: gOptionProfondeur[11]=(char)130;
      000084 21r0Br00               117 	ld	hl, #(_gOptionProfondeur + 0x000b)
      000087 36 82                  118 	ld	(hl), #0x82
                                    119 ;src/gb/gbglobals.c:25: }
      000089 C9                     120 	ret
      00008A                        121 ___str_0:
      00008A 32 20 47 61 6D 65 62   122 	.ascii "2 Gameboy    "
             6F 79 20 20 20 20
      000097 00                     123 	.db 0x00
      000098                        124 ___str_1:
      000098 51 75 69 20 63 6F 6D   125 	.ascii "Qui commence ? "
             6D 65 6E 63 65 20 3F
             20
      0000A7 00                     126 	.db 0x00
      0000A8                        127 ___str_2:
      0000A8 4A 6F 75 65 75 72 20   128 	.ascii "Joueur 1 commence"
             31 20 63 6F 6D 6D 65
             6E 63 65
      0000B9 00                     129 	.db 0x00
      0000BA                        130 ___str_3:
      0000BA 4A 65 20 73 75 69 73   131 	.ascii "Je suis le joueur2"
             20 6C 65 20 6A 6F 75
             65 75 72 32
      0000CC 00                     132 	.db 0x00
      0000CD                        133 ___str_4:
      0000CD 20 6E 69 76 65 61 75   134 	.ascii " niveau ? "
             20 3F 20
      0000D7 00                     135 	.db 0x00
      0000D8                        136 ___str_5:
      0000D8 5F 76 61 6C 75 5F 65   137 	.ascii "_valu_es"
             73
      0000E0 00                     138 	.db 0x00
      0000E1                        139 ___str_6:
      0000E1 71 75 65 6C 6C 65 20   140 	.ascii "quelle case ? "
             63 61 73 65 20 3F 20
      0000EF 00                     141 	.db 0x00
      0000F0                        142 ___str_7:
      0000F0 20 76 61 69 6E 71 75   143 	.ascii " vainqueur"
             65 75 72
      0000FA 00                     144 	.db 0x00
      0000FB                        145 ___str_8:
      0000FB 45 67 61 6C 69 74 5F   146 	.ascii "Egalit_"
      000102 00                     147 	.db 0x00
                                    148 	.area _CODE
                                    149 	.area _CABS (ABS)
