                                      1 ;--------------------------------------------------------
                                      2 ; File Created by SDCC : free open source ANSI-C Compiler
                                      3 ; Version 4.0.7 #12016 (Mac OS X x86_64)
                                      4 ;--------------------------------------------------------
                                      5 	.module aweleia
                                      6 	.optsdcc -mgbz80
                                      7 	
                                      8 ;--------------------------------------------------------
                                      9 ; Public variables in this module
                                     10 ;--------------------------------------------------------
                                     11 	.globl _posEval
                                     12 	.globl _jeuPoss
                                     13 	.globl _jouer
                                     14 	.globl _alphabeta
                                     15 	.globl _minmax
                                     16 	.globl _maxmin
                                     17 	.globl _eval
                                     18 ;--------------------------------------------------------
                                     19 ; special function registers
                                     20 ;--------------------------------------------------------
                                     21 ;--------------------------------------------------------
                                     22 ; ram data
                                     23 ;--------------------------------------------------------
                                     24 	.area _DATA
      000000                         25 _posEval::
      000000                         26 	.ds 2
                                     27 ;--------------------------------------------------------
                                     28 ; absolute external ram data
                                     29 ;--------------------------------------------------------
                                     30 	.area _DABS (ABS)
                                     31 ;--------------------------------------------------------
                                     32 ; global & static initialisations
                                     33 ;--------------------------------------------------------
                                     34 	.area _HOME
                                     35 	.area _GSINIT
                                     36 	.area _GSFINAL
                                     37 	.area _GSINIT
                                     38 ;src/aweleia.c:15: UWORD posEval = 0;
      000000 21r00r00                39 	ld	hl, #_posEval
      000003 36 00                   40 	ld	(hl), #0x00
      000005 23                      41 	inc	hl
      000006 36 00                   42 	ld	(hl), #0x00
                                     43 ;--------------------------------------------------------
                                     44 ; Home
                                     45 ;--------------------------------------------------------
                                     46 	.area _HOME
                                     47 	.area _HOME
                                     48 ;--------------------------------------------------------
                                     49 ; code
                                     50 ;--------------------------------------------------------
                                     51 	.area _CODE
                                     52 ;src/aweleia.c:22: BOOLEAN jeuPoss(UBYTE *p,UBYTE j)
                                     53 ;	---------------------------------
                                     54 ; Function jeuPoss
                                     55 ; ---------------------------------
      000000                         56 _jeuPoss::
      000000 E8 FC                   57 	add	sp, #-4
                                     58 ;src/aweleia.c:24: register UBYTE i, b=FALSE;
      000002 AF                      59 	xor	a, a
      000003 F8 02                   60 	ldhl	sp,	#2
      000005 77                      61 	ld	(hl), a
                                     62 ;src/aweleia.c:26: for( i=j*(NCASES+1); i<(j+1)*NCASES+j; b|=p[i++] );
      000006 F8 08                   63 	ldhl	sp,	#8
      000008 7E                      64 	ld	a, (hl)
      000009 4F                      65 	ld	c, a
      00000A 87                      66 	add	a, a
      00000B 87                      67 	add	a, a
      00000C 87                      68 	add	a, a
      00000D 81                      69 	add	a, c
      00000E F8 03                   70 	ldhl	sp,	#3
      000010 77                      71 	ld	(hl), a
      000011                         72 00103$:
      000011 F8 08                   73 	ldhl	sp,	#8
      000013 4E                      74 	ld	c, (hl)
      000014 06 00                   75 	ld	b, #0x00
      000016 69                      76 	ld	l, c
      000017 60                      77 	ld	h, b
      000018 23                      78 	inc	hl
      000019 29                      79 	add	hl, hl
      00001A 29                      80 	add	hl, hl
      00001B 29                      81 	add	hl, hl
      00001C 09                      82 	add	hl, bc
      00001D 4D                      83 	ld	c, l
      00001E 44                      84 	ld	b, h
      00001F F8 03                   85 	ldhl	sp,	#3
      000021 7E                      86 	ld	a, (hl)
      000022 F8 00                   87 	ldhl	sp,	#0
      000024 77                      88 	ld	(hl), a
      000025 AF                      89 	xor	a, a
      000026 23                      90 	inc	hl
      000027 32                      91 	ld	(hl-), a
      000028 7E                      92 	ld	a, (hl)
      000029 91                      93 	sub	a, c
      00002A 23                      94 	inc	hl
      00002B 7E                      95 	ld	a, (hl)
      00002C 98                      96 	sbc	a, b
      00002D 56                      97 	ld	d, (hl)
      00002E 78                      98 	ld	a, b
      00002F CB 7F                   99 	bit	7,a
      000031 28 07                  100 	jr	Z, 00118$
      000033 CB 7A                  101 	bit	7, d
      000035 20 08                  102 	jr	NZ, 00119$
      000037 BF                     103 	cp	a, a
      000038 18 05                  104 	jr	00119$
      00003A                        105 00118$:
      00003A CB 7A                  106 	bit	7, d
      00003C 28 01                  107 	jr	Z, 00119$
      00003E 37                     108 	scf
      00003F                        109 00119$:
      00003F 30 16                  110 	jr	NC, 00101$
                                    111 ;c
      000041 F8 06                  112 	ldhl	sp,#6
      000043 2A                     113 	ld	a, (hl+)
      000044 5F                     114 	ld	e, a
      000045 56                     115 	ld	d, (hl)
      000046 F8 03                  116 	ldhl	sp,	#3
      000048 6E                     117 	ld	l, (hl)
      000049 26 00                  118 	ld	h, #0x00
      00004B 19                     119 	add	hl, de
      00004C 4D                     120 	ld	c, l
      00004D 44                     121 	ld	b, h
      00004E F8 03                  122 	ldhl	sp,	#3
      000050 34                     123 	inc	(hl)
      000051 0A                     124 	ld	a, (bc)
      000052 2B                     125 	dec	hl
      000053 B6                     126 	or	a, (hl)
      000054 77                     127 	ld	(hl), a
      000055 18 BA                  128 	jr	00103$
      000057                        129 00101$:
                                    130 ;src/aweleia.c:28: return(b);
      000057 F8 02                  131 	ldhl	sp,	#2
      000059 5E                     132 	ld	e, (hl)
                                    133 ;src/aweleia.c:29: }
      00005A E8 04                  134 	add	sp, #4
      00005C C9                     135 	ret
                                    136 ;src/aweleia.c:38: BOOLEAN jouer(UBYTE *p,UBYTE *pi,UBYTE c,UBYTE j)
                                    137 ;	---------------------------------
                                    138 ; Function jouer
                                    139 ; ---------------------------------
      00005D                        140 _jouer::
      00005D E8 F3                  141 	add	sp, #-13
                                    142 ;src/aweleia.c:43: */ n  = pi[c];
                                    143 ;c
      00005F F8 11                  144 	ldhl	sp,#17
      000061 2A                     145 	ld	a, (hl+)
      000062 5F                     146 	ld	e, a
      000063 2A                     147 	ld	a, (hl+)
      000064 57                     148 	ld	d, a
      000065 6E                     149 	ld	l, (hl)
      000066 26 00                  150 	ld	h, #0x00
      000068 19                     151 	add	hl, de
      000069 4D                     152 	ld	c, l
      00006A 44                     153 	ld	b, h
      00006B 0A                     154 	ld	a, (bc)
      00006C F8 0B                  155 	ldhl	sp,	#11
      00006E 77                     156 	ld	(hl), a
                                    157 ;src/aweleia.c:44: xi = (c+n)%LGPLAT;
      00006F F8 13                  158 	ldhl	sp,	#19
      000071 7E                     159 	ld	a, (hl)
      000072 1E 00                  160 	ld	e, #0x00
      000074 F8 0B                  161 	ldhl	sp,	#11
      000076 4E                     162 	ld	c, (hl)
      000077 06 00                  163 	ld	b, #0x00
      000079 6F                     164 	ld	l, a
      00007A 63                     165 	ld	h, e
      00007B 09                     166 	add	hl, bc
      00007C 33                     167 	inc	sp
      00007D 33                     168 	inc	sp
      00007E E5                     169 	push	hl
      00007F 21 12 00               170 	ld	hl, #0x0012
      000082 4D                     171 	ld	c, l
      000083 44                     172 	ld	b, h
      000084 E1                     173 	pop	hl
      000085 E5                     174 	push	hl
      000086 C5                     175 	push	bc
      000087 E5                     176 	push	hl
      000088 CDr00r00               177 	call	__modsint
      00008B E8 04                  178 	add	sp, #4
      00008D F8 02                  179 	ldhl	sp,	#2
      00008F 73                     180 	ld	(hl), e
                                    181 ;src/aweleia.c:45: x = (xi>=j*(NCASES+1)) && (xi<(j+1)*NCASES+j) && !pi[xi];
      000090 F8 14                  182 	ldhl	sp,	#20
      000092 4E                     183 	ld	c, (hl)
      000093 06 00                  184 	ld	b, #0x00
      000095 69                     185 	ld	l, c
      000096 60                     186 	ld	h, b
      000097 29                     187 	add	hl, hl
      000098 29                     188 	add	hl, hl
      000099 29                     189 	add	hl, hl
      00009A 09                     190 	add	hl, bc
      00009B 4D                     191 	ld	c, l
      00009C 44                     192 	ld	b, h
      00009D F8 02                  193 	ldhl	sp,	#2
      00009F 2A                     194 	ld	a, (hl+)
      0000A0 77                     195 	ld	(hl), a
      0000A1 AF                     196 	xor	a, a
      0000A2 23                     197 	inc	hl
      0000A3 77                     198 	ld	(hl), a
      0000A4 F8 14                  199 	ldhl	sp,	#20
      0000A6 7E                     200 	ld	a, (hl)
      0000A7 F8 09                  201 	ldhl	sp,	#9
      0000A9 77                     202 	ld	(hl), a
      0000AA AF                     203 	xor	a, a
      0000AB 23                     204 	inc	hl
      0000AC 32                     205 	ld	(hl-), a
      0000AD 2A                     206 	ld	a, (hl+)
      0000AE 66                     207 	ld	h, (hl)
      0000AF 6F                     208 	ld	l, a
      0000B0 23                     209 	inc	hl
      0000B1 29                     210 	add	hl, hl
      0000B2 29                     211 	add	hl, hl
      0000B3 29                     212 	add	hl, hl
      0000B4 5D                     213 	ld	e, l
      0000B5 54                     214 	ld	d, h
                                    215 ;c
      0000B6 F8 09                  216 	ldhl	sp,	#9
      0000B8 2A                     217 	ld	a, (hl+)
      0000B9 66                     218 	ld	h, (hl)
      0000BA 6F                     219 	ld	l, a
      0000BB 19                     220 	add	hl, de
      0000BC E5                     221 	push	hl
      0000BD 7D                     222 	ld	a, l
      0000BE F8 07                  223 	ldhl	sp,	#7
      0000C0 77                     224 	ld	(hl), a
      0000C1 E1                     225 	pop	hl
      0000C2 7C                     226 	ld	a, h
      0000C3 F8 06                  227 	ldhl	sp,	#6
      0000C5 77                     228 	ld	(hl), a
      0000C6 F8 03                  229 	ldhl	sp,	#3
      0000C8 7E                     230 	ld	a, (hl)
      0000C9 91                     231 	sub	a, c
      0000CA 23                     232 	inc	hl
      0000CB 7E                     233 	ld	a, (hl)
      0000CC 98                     234 	sbc	a, b
      0000CD 56                     235 	ld	d, (hl)
      0000CE 78                     236 	ld	a, b
      0000CF CB 7F                  237 	bit	7,a
      0000D1 28 07                  238 	jr	Z, 00178$
      0000D3 CB 7A                  239 	bit	7, d
      0000D5 20 08                  240 	jr	NZ, 00179$
      0000D7 BF                     241 	cp	a, a
      0000D8 18 05                  242 	jr	00179$
      0000DA                        243 00178$:
      0000DA CB 7A                  244 	bit	7, d
      0000DC 28 01                  245 	jr	Z, 00179$
      0000DE 37                     246 	scf
      0000DF                        247 00179$:
      0000DF 38 31                  248 	jr	C, 00117$
      0000E1 F8 03                  249 	ldhl	sp,	#3
      0000E3 5D                     250 	ld	e, l
      0000E4 54                     251 	ld	d, h
      0000E5 F8 05                  252 	ldhl	sp,	#5
      0000E7 1A                     253 	ld	a, (de)
      0000E8 96                     254 	sub	a, (hl)
      0000E9 23                     255 	inc	hl
      0000EA 13                     256 	inc	de
      0000EB 1A                     257 	ld	a, (de)
      0000EC 9E                     258 	sbc	a, (hl)
      0000ED 1A                     259 	ld	a, (de)
      0000EE 57                     260 	ld	d, a
      0000EF CB 7E                  261 	bit	7, (hl)
      0000F1 28 07                  262 	jr	Z, 00180$
      0000F3 CB 7A                  263 	bit	7, d
      0000F5 20 08                  264 	jr	NZ, 00181$
      0000F7 BF                     265 	cp	a, a
      0000F8 18 05                  266 	jr	00181$
      0000FA                        267 00180$:
      0000FA CB 7A                  268 	bit	7, d
      0000FC 28 01                  269 	jr	Z, 00181$
      0000FE 37                     270 	scf
      0000FF                        271 00181$:
      0000FF 30 11                  272 	jr	NC, 00117$
                                    273 ;c
      000101 F8 11                  274 	ldhl	sp,#17
      000103 2A                     275 	ld	a, (hl+)
      000104 5F                     276 	ld	e, a
      000105 56                     277 	ld	d, (hl)
      000106 F8 02                  278 	ldhl	sp,	#2
      000108 6E                     279 	ld	l, (hl)
      000109 26 00                  280 	ld	h, #0x00
      00010B 19                     281 	add	hl, de
      00010C 4D                     282 	ld	c, l
      00010D 44                     283 	ld	b, h
      00010E 0A                     284 	ld	a, (bc)
      00010F B7                     285 	or	a, a
      000110 28 03                  286 	jr	Z, 00118$
      000112                        287 00117$:
      000112 AF                     288 	xor	a, a
      000113 18 02                  289 	jr	00119$
      000115                        290 00118$:
      000115 3E 01                  291 	ld	a, #0x01
      000117                        292 00119$:
      000117 F8 07                  293 	ldhl	sp,	#7
      000119 77                     294 	ld	(hl), a
                                    295 ;src/aweleia.c:47: for( i=0; i<c; ++i )
      00011A AF                     296 	xor	a, a
      00011B F8 0C                  297 	ldhl	sp,	#12
      00011D 77                     298 	ld	(hl), a
      00011E                        299 00107$:
      00011E F8 0C                  300 	ldhl	sp,	#12
      000120 7E                     301 	ld	a, (hl)
      000121 F8 13                  302 	ldhl	sp,	#19
      000123 96                     303 	sub	a, (hl)
      000124 30 21                  304 	jr	NC, 00101$
                                    305 ;src/aweleia.c:48: p[i]=pi[i];
                                    306 ;c
      000126 F8 0F                  307 	ldhl	sp,#15
      000128 2A                     308 	ld	a, (hl+)
      000129 5F                     309 	ld	e, a
      00012A 56                     310 	ld	d, (hl)
      00012B F8 0C                  311 	ldhl	sp,	#12
      00012D 6E                     312 	ld	l, (hl)
      00012E 26 00                  313 	ld	h, #0x00
      000130 19                     314 	add	hl, de
      000131 4D                     315 	ld	c, l
      000132 44                     316 	ld	b, h
                                    317 ;c
      000133 F8 11                  318 	ldhl	sp,#17
      000135 2A                     319 	ld	a, (hl+)
      000136 5F                     320 	ld	e, a
      000137 56                     321 	ld	d, (hl)
      000138 F8 0C                  322 	ldhl	sp,	#12
      00013A 6E                     323 	ld	l, (hl)
      00013B 26 00                  324 	ld	h, #0x00
      00013D 19                     325 	add	hl, de
      00013E 5D                     326 	ld	e, l
      00013F 54                     327 	ld	d, h
      000140 1A                     328 	ld	a, (de)
      000141 02                     329 	ld	(bc), a
                                    330 ;src/aweleia.c:47: for( i=0; i<c; ++i )
      000142 F8 0C                  331 	ldhl	sp,	#12
      000144 34                     332 	inc	(hl)
      000145 18 D7                  333 	jr	00107$
      000147                        334 00101$:
                                    335 ;src/aweleia.c:50: p[c]=0;
                                    336 ;c
      000147 F8 0F                  337 	ldhl	sp,#15
      000149 2A                     338 	ld	a, (hl+)
      00014A 5F                     339 	ld	e, a
      00014B 56                     340 	ld	d, (hl)
      00014C F8 13                  341 	ldhl	sp,	#19
      00014E 6E                     342 	ld	l, (hl)
      00014F 26 00                  343 	ld	h, #0x00
      000151 19                     344 	add	hl, de
      000152 4D                     345 	ld	c, l
      000153 44                     346 	ld	b, h
      000154 AF                     347 	xor	a, a
      000155 02                     348 	ld	(bc), a
                                    349 ;src/aweleia.c:52: for( i=c+1; i<=c+n; ++i )
      000156 F8 13                  350 	ldhl	sp,	#19
      000158 7E                     351 	ld	a, (hl)
      000159 3C                     352 	inc	a
      00015A F8 0C                  353 	ldhl	sp,	#12
      00015C 77                     354 	ld	(hl), a
      00015D                        355 00110$:
      00015D F8 0C                  356 	ldhl	sp,	#12
      00015F 4E                     357 	ld	c, (hl)
      000160 06 00                  358 	ld	b, #0x00
      000162 F8 00                  359 	ldhl	sp,	#0
      000164 7E                     360 	ld	a, (hl)
      000165 91                     361 	sub	a, c
      000166 23                     362 	inc	hl
      000167 7E                     363 	ld	a, (hl)
      000168 98                     364 	sbc	a, b
      000169 56                     365 	ld	d, (hl)
      00016A 78                     366 	ld	a, b
      00016B CB 7F                  367 	bit	7,a
      00016D 28 07                  368 	jr	Z, 00182$
      00016F CB 7A                  369 	bit	7, d
      000171 20 08                  370 	jr	NZ, 00183$
      000173 BF                     371 	cp	a, a
      000174 18 05                  372 	jr	00183$
      000176                        373 00182$:
      000176 CB 7A                  374 	bit	7, d
      000178 28 01                  375 	jr	Z, 00183$
      00017A 37                     376 	scf
      00017B                        377 00183$:
      00017B 38 2C                  378 	jr	C, 00102$
                                    379 ;src/aweleia.c:53: p[i%LGPLAT]=pi[i%LGPLAT]+1;
      00017D 3E 12                  380 	ld	a, #0x12
      00017F F5                     381 	push	af
      000180 33                     382 	inc	sp
      000181 F8 0D                  383 	ldhl	sp,	#13
      000183 7E                     384 	ld	a, (hl)
      000184 F5                     385 	push	af
      000185 33                     386 	inc	sp
      000186 CDr00r00               387 	call	__moduchar
      000189 E8 02                  388 	add	sp, #2
      00018B D5                     389 	push	de
                                    390 ;b
      00018C 16 00                  391 	ld	d, #0x00
      00018E F8 11                  392 	ldhl	sp,	#17
      000190 2A                     393 	ld	a, (hl+)
      000191 66                     394 	ld	h, (hl)
      000192 6F                     395 	ld	l, a
      000193 19                     396 	add	hl, de
      000194 D1                     397 	pop	de
      000195 4D                     398 	ld	c, l
      000196 44                     399 	ld	b, h
                                    400 ;b
      000197 16 00                  401 	ld	d, #0x00
      000199 F8 11                  402 	ldhl	sp,	#17
      00019B 2A                     403 	ld	a, (hl+)
      00019C 66                     404 	ld	h, (hl)
      00019D 6F                     405 	ld	l, a
      00019E 19                     406 	add	hl, de
      00019F 5D                     407 	ld	e, l
      0001A0 54                     408 	ld	d, h
      0001A1 1A                     409 	ld	a, (de)
      0001A2 3C                     410 	inc	a
      0001A3 02                     411 	ld	(bc), a
                                    412 ;src/aweleia.c:52: for( i=c+1; i<=c+n; ++i )
      0001A4 F8 0C                  413 	ldhl	sp,	#12
      0001A6 34                     414 	inc	(hl)
      0001A7 18 B4                  415 	jr	00110$
      0001A9                        416 00102$:
                                    417 ;src/aweleia.c:55: for( i=c+n+1; i<LGPLAT; ++i )
      0001A9 F8 0B                  418 	ldhl	sp,	#11
      0001AB 7E                     419 	ld	a, (hl)
      0001AC F8 13                  420 	ldhl	sp,	#19
      0001AE 86                     421 	add	a, (hl)
      0001AF 3C                     422 	inc	a
      0001B0 F8 0C                  423 	ldhl	sp,	#12
      0001B2 77                     424 	ld	(hl), a
      0001B3                        425 00113$:
      0001B3 F8 0C                  426 	ldhl	sp,	#12
      0001B5 7E                     427 	ld	a, (hl)
      0001B6 D6 12                  428 	sub	a, #0x12
      0001B8 30 3A                  429 	jr	NC, 00103$
                                    430 ;src/aweleia.c:56: p[i]=pi[i];
                                    431 ;c
      0001BA F8 0F                  432 	ldhl	sp,#15
      0001BC 2A                     433 	ld	a, (hl+)
      0001BD 5F                     434 	ld	e, a
      0001BE 56                     435 	ld	d, (hl)
      0001BF F8 0C                  436 	ldhl	sp,	#12
      0001C1 6E                     437 	ld	l, (hl)
      0001C2 26 00                  438 	ld	h, #0x00
      0001C4 19                     439 	add	hl, de
      0001C5 E5                     440 	push	hl
      0001C6 7D                     441 	ld	a, l
      0001C7 F8 0A                  442 	ldhl	sp,	#10
      0001C9 77                     443 	ld	(hl), a
      0001CA E1                     444 	pop	hl
      0001CB 7C                     445 	ld	a, h
      0001CC F8 09                  446 	ldhl	sp,	#9
      0001CE 77                     447 	ld	(hl), a
                                    448 ;c
      0001CF F8 11                  449 	ldhl	sp,#17
      0001D1 2A                     450 	ld	a, (hl+)
      0001D2 5F                     451 	ld	e, a
      0001D3 56                     452 	ld	d, (hl)
      0001D4 F8 0C                  453 	ldhl	sp,	#12
      0001D6 6E                     454 	ld	l, (hl)
      0001D7 26 00                  455 	ld	h, #0x00
      0001D9 19                     456 	add	hl, de
      0001DA E5                     457 	push	hl
      0001DB 7D                     458 	ld	a, l
      0001DC F8 0C                  459 	ldhl	sp,	#12
      0001DE 77                     460 	ld	(hl), a
      0001DF E1                     461 	pop	hl
      0001E0 7C                     462 	ld	a, h
      0001E1 F8 0B                  463 	ldhl	sp,	#11
      0001E3 32                     464 	ld	(hl-), a
      0001E4 2A                     465 	ld	a, (hl+)
      0001E5 5F                     466 	ld	e, a
      0001E6 56                     467 	ld	d, (hl)
      0001E7 1A                     468 	ld	a, (de)
      0001E8 4F                     469 	ld	c, a
      0001E9 F8 08                  470 	ldhl	sp,	#8
      0001EB 2A                     471 	ld	a, (hl+)
      0001EC 66                     472 	ld	h, (hl)
      0001ED 6F                     473 	ld	l, a
      0001EE 71                     474 	ld	(hl), c
                                    475 ;src/aweleia.c:55: for( i=c+n+1; i<LGPLAT; ++i )
      0001EF F8 0C                  476 	ldhl	sp,	#12
      0001F1 34                     477 	inc	(hl)
      0001F2 18 BF                  478 	jr	00113$
      0001F4                        479 00103$:
                                    480 ;src/aweleia.c:59: if( x )
      0001F4 F8 07                  481 	ldhl	sp,	#7
      0001F6 7E                     482 	ld	a, (hl)
      0001F7 B7                     483 	or	a, a
      0001F8 28 49                  484 	jr	Z, 00105$
                                    485 ;src/aweleia.c:61: p[(j+1)*NCASES+j] += p[2*NCASES-xi]+1;
                                    486 ;c
      0001FA F8 0F                  487 	ldhl	sp,#15
      0001FC 2A                     488 	ld	a, (hl+)
      0001FD 5F                     489 	ld	e, a
      0001FE 56                     490 	ld	d, (hl)
      0001FF F8 05                  491 	ldhl	sp,	#5
      000201 2A                     492 	ld	a, (hl+)
      000202 66                     493 	ld	h, (hl)
      000203 6F                     494 	ld	l, a
      000204 19                     495 	add	hl, de
      000205 4D                     496 	ld	c, l
      000206 44                     497 	ld	b, h
      000207 0A                     498 	ld	a, (bc)
      000208 F8 0A                  499 	ldhl	sp,	#10
      00020A 77                     500 	ld	(hl), a
      00020B 11 10 00               501 	ld	de, #0x0010
      00020E F8 03                  502 	ldhl	sp,	#3
      000210 2A                     503 	ld	a, (hl+)
      000211 66                     504 	ld	h, (hl)
      000212 6F                     505 	ld	l, a
      000213 7B                     506 	ld	a, e
      000214 95                     507 	sub	a, l
      000215 5F                     508 	ld	e, a
      000216 7A                     509 	ld	a, d
      000217 9C                     510 	sbc	a, h
      000218 F8 0C                  511 	ldhl	sp,	#12
      00021A 32                     512 	ld	(hl-), a
                                    513 ;c
      00021B 7B                     514 	ld	a, e
      00021C 22                     515 	ld	(hl+), a
      00021D 2B                     516 	dec	hl
      00021E 2A                     517 	ld	a, (hl+)
      00021F 5F                     518 	ld	e, a
      000220 56                     519 	ld	d, (hl)
      000221 F8 0F                  520 	ldhl	sp,	#15
      000223 2A                     521 	ld	a, (hl+)
      000224 66                     522 	ld	h, (hl)
      000225 6F                     523 	ld	l, a
      000226 19                     524 	add	hl, de
      000227 5D                     525 	ld	e, l
      000228 54                     526 	ld	d, h
      000229 1A                     527 	ld	a, (de)
      00022A 3C                     528 	inc	a
      00022B F8 0A                  529 	ldhl	sp,	#10
      00022D 6E                     530 	ld	l, (hl)
      00022E 85                     531 	add	a, l
      00022F 02                     532 	ld	(bc), a
                                    533 ;src/aweleia.c:62: p[2*NCASES-xi] = p[xi] = 0;
      000230 D5                     534 	push	de
                                    535 ;c
      000231 F8 11                  536 	ldhl	sp,#17
      000233 2A                     537 	ld	a, (hl+)
      000234 5F                     538 	ld	e, a
      000235 56                     539 	ld	d, (hl)
      000236 F8 04                  540 	ldhl	sp,	#4
      000238 6E                     541 	ld	l, (hl)
      000239 26 00                  542 	ld	h, #0x00
      00023B 19                     543 	add	hl, de
      00023C D1                     544 	pop	de
      00023D 4D                     545 	ld	c, l
      00023E 44                     546 	ld	b, h
      00023F AF                     547 	xor	a, a
      000240 02                     548 	ld	(bc), a
      000241 AF                     549 	xor	a, a
      000242 12                     550 	ld	(de), a
      000243                        551 00105$:
                                    552 ;src/aweleia.c:65: return( ((c+n)==((j+1)*NCASES+j)) && jeuPoss(p,j) );
      000243 F8 00                  553 	ldhl	sp,	#0
      000245 7E                     554 	ld	a, (hl)
      000246 F8 05                  555 	ldhl	sp,	#5
      000248 96                     556 	sub	a, (hl)
      000249 20 1C                  557 	jr	NZ, 00123$
      00024B F8 01                  558 	ldhl	sp,	#1
      00024D 7E                     559 	ld	a, (hl)
      00024E F8 06                  560 	ldhl	sp,	#6
      000250 96                     561 	sub	a, (hl)
      000251 20 14                  562 	jr	NZ, 00123$
      000253 F8 14                  563 	ldhl	sp,	#20
      000255 7E                     564 	ld	a, (hl)
      000256 F5                     565 	push	af
      000257 33                     566 	inc	sp
      000258 F8 10                  567 	ldhl	sp,	#16
      00025A 2A                     568 	ld	a, (hl+)
      00025B 66                     569 	ld	h, (hl)
      00025C 6F                     570 	ld	l, a
      00025D E5                     571 	push	hl
      00025E CDr00r00               572 	call	_jeuPoss
      000261 E8 03                  573 	add	sp, #3
      000263 7B                     574 	ld	a, e
      000264 B7                     575 	or	a, a
      000265 20 04                  576 	jr	NZ, 00124$
      000267                        577 00123$:
      000267 1E 00                  578 	ld	e, #0x00
      000269 18 02                  579 	jr	00125$
      00026B                        580 00124$:
      00026B 1E 01                  581 	ld	e, #0x01
      00026D                        582 00125$:
                                    583 ;src/aweleia.c:67: }
      00026D E8 0D                  584 	add	sp, #13
      00026F C9                     585 	ret
                                    586 ;src/aweleia.c:82: WORD alphabeta(UBYTE *p, WORD alpha, WORD beta, UBYTE j, UBYTE prf, UBYTE n, UBYTE *res)
                                    587 ;	---------------------------------
                                    588 ; Function alphabeta
                                    589 ; ---------------------------------
      000270                        590 _alphabeta::
      000270 E8 E0                  591 	add	sp, #-32
                                    592 ;src/aweleia.c:102: jp=0;
      000272 AF                     593 	xor	a, a
      000273 F8 1E                  594 	ldhl	sp,	#30
      000275 77                     595 	ld	(hl), a
                                    596 ;src/aweleia.c:103: for( i=j*(NCASES+1); (i<(j+1)*NCASES+j) && (alpha<beta); i++)
      000276 F8 28                  597 	ldhl	sp,	#40
      000278 7E                     598 	ld	a, (hl)
      000279 4F                     599 	ld	c, a
      00027A 87                     600 	add	a, a
      00027B 87                     601 	add	a, a
      00027C 87                     602 	add	a, a
      00027D 81                     603 	add	a, c
      00027E F8 1F                  604 	ldhl	sp,	#31
      000280 77                     605 	ld	(hl), a
      000281 F8 00                  606 	ldhl	sp,	#0
      000283 7D                     607 	ld	a, l
      000284 54                     608 	ld	d, h
      000285 F8 12                  609 	ldhl	sp,	#18
      000287 22                     610 	ld	(hl+), a
      000288 7A                     611 	ld	a, d
      000289 32                     612 	ld	(hl-), a
      00028A 2A                     613 	ld	a, (hl+)
      00028B 5E                     614 	ld	e, (hl)
      00028C 23                     615 	inc	hl
      00028D 22                     616 	ld	(hl+), a
      00028E 73                     617 	ld	(hl), e
      00028F F8 12                  618 	ldhl	sp,	#18
      000291 2A                     619 	ld	a, (hl+)
      000292 5E                     620 	ld	e, (hl)
      000293 F8 16                  621 	ldhl	sp,	#22
      000295 22                     622 	ld	(hl+), a
      000296 73                     623 	ld	(hl), e
      000297                        624 00115$:
      000297 F8 28                  625 	ldhl	sp,	#40
      000299 7E                     626 	ld	a, (hl)
      00029A F8 1A                  627 	ldhl	sp,	#26
      00029C 77                     628 	ld	(hl), a
      00029D AF                     629 	xor	a, a
      00029E 23                     630 	inc	hl
                                    631 ;c
      00029F 32                     632 	ld	(hl-), a
      0002A0 2A                     633 	ld	a, (hl+)
      0002A1 5F                     634 	ld	e, a
      0002A2 56                     635 	ld	d, (hl)
      0002A3 6B                     636 	ld	l, e
      0002A4 62                     637 	ld	h, d
      0002A5 23                     638 	inc	hl
      0002A6 E5                     639 	push	hl
      0002A7 7D                     640 	ld	a, l
      0002A8 F8 1E                  641 	ldhl	sp,	#30
      0002AA 77                     642 	ld	(hl), a
      0002AB E1                     643 	pop	hl
      0002AC 7C                     644 	ld	a, h
      0002AD F8 1D                  645 	ldhl	sp,	#29
      0002AF 77                     646 	ld	(hl), a
      0002B0 3E 03                  647 	ld	a, #0x03
      0002B2                        648 00160$:
      0002B2 F8 1C                  649 	ldhl	sp,	#28
      0002B4 CB 26                  650 	sla	(hl)
      0002B6 23                     651 	inc	hl
      0002B7 CB 16                  652 	rl	(hl)
      0002B9 3D                     653 	dec	a
      0002BA 20 F6                  654 	jr	NZ, 00160$
                                    655 ;c
      0002BC 2B                     656 	dec	hl
      0002BD 2A                     657 	ld	a, (hl+)
      0002BE 5F                     658 	ld	e, a
      0002BF 56                     659 	ld	d, (hl)
      0002C0 F8 1A                  660 	ldhl	sp,	#26
      0002C2 2A                     661 	ld	a, (hl+)
      0002C3 66                     662 	ld	h, (hl)
      0002C4 6F                     663 	ld	l, a
      0002C5 19                     664 	add	hl, de
      0002C6 E5                     665 	push	hl
      0002C7 7D                     666 	ld	a, l
      0002C8 F8 1A                  667 	ldhl	sp,	#26
      0002CA 77                     668 	ld	(hl), a
      0002CB E1                     669 	pop	hl
      0002CC 7C                     670 	ld	a, h
      0002CD F8 19                  671 	ldhl	sp,	#25
      0002CF 77                     672 	ld	(hl), a
      0002D0 F8 1F                  673 	ldhl	sp,	#31
      0002D2 7E                     674 	ld	a, (hl)
      0002D3 F8 1A                  675 	ldhl	sp,	#26
      0002D5 77                     676 	ld	(hl), a
      0002D6 AF                     677 	xor	a, a
      0002D7 23                     678 	inc	hl
      0002D8 77                     679 	ld	(hl), a
                                    680 ;src/aweleia.c:114: res[n]=i;
                                    681 ;c
      0002D9 F8 2B                  682 	ldhl	sp,#43
      0002DB 2A                     683 	ld	a, (hl+)
      0002DC 5F                     684 	ld	e, a
      0002DD 3A                     685 	ld	a, (hl-)
      0002DE 57                     686 	ld	d, a
      0002DF 2B                     687 	dec	hl
      0002E0 6E                     688 	ld	l, (hl)
      0002E1 26 00                  689 	ld	h, #0x00
      0002E3 19                     690 	add	hl, de
      0002E4 E5                     691 	push	hl
      0002E5 7D                     692 	ld	a, l
      0002E6 F8 1E                  693 	ldhl	sp,	#30
      0002E8 77                     694 	ld	(hl), a
      0002E9 E1                     695 	pop	hl
      0002EA 7C                     696 	ld	a, h
      0002EB F8 1D                  697 	ldhl	sp,	#29
      0002ED 77                     698 	ld	(hl), a
                                    699 ;src/aweleia.c:103: for( i=j*(NCASES+1); (i<(j+1)*NCASES+j) && (alpha<beta); i++)
      0002EE F8 1A                  700 	ldhl	sp,	#26
      0002F0 5D                     701 	ld	e, l
      0002F1 54                     702 	ld	d, h
      0002F2 F8 18                  703 	ldhl	sp,	#24
      0002F4 1A                     704 	ld	a, (de)
      0002F5 96                     705 	sub	a, (hl)
      0002F6 23                     706 	inc	hl
      0002F7 13                     707 	inc	de
      0002F8 1A                     708 	ld	a, (de)
      0002F9 9E                     709 	sbc	a, (hl)
      0002FA 1A                     710 	ld	a, (de)
      0002FB 57                     711 	ld	d, a
      0002FC CB 7E                  712 	bit	7, (hl)
      0002FE 28 07                  713 	jr	Z, 00161$
      000300 CB 7A                  714 	bit	7, d
      000302 20 08                  715 	jr	NZ, 00162$
      000304 BF                     716 	cp	a, a
      000305 18 05                  717 	jr	00162$
      000307                        718 00161$:
      000307 CB 7A                  719 	bit	7, d
      000309 28 01                  720 	jr	Z, 00162$
      00030B 37                     721 	scf
      00030C                        722 00162$:
      00030C D2r13r04               723 	jp	NC, 00110$
      00030F F8 24                  724 	ldhl	sp,	#36
      000311 5D                     725 	ld	e, l
      000312 54                     726 	ld	d, h
      000313 F8 26                  727 	ldhl	sp,	#38
      000315 1A                     728 	ld	a, (de)
      000316 96                     729 	sub	a, (hl)
      000317 23                     730 	inc	hl
      000318 13                     731 	inc	de
      000319 1A                     732 	ld	a, (de)
      00031A 9E                     733 	sbc	a, (hl)
      00031B 1A                     734 	ld	a, (de)
      00031C 57                     735 	ld	d, a
      00031D CB 7E                  736 	bit	7, (hl)
      00031F 28 07                  737 	jr	Z, 00163$
      000321 CB 7A                  738 	bit	7, d
      000323 20 08                  739 	jr	NZ, 00164$
      000325 BF                     740 	cp	a, a
      000326 18 05                  741 	jr	00164$
      000328                        742 00163$:
      000328 CB 7A                  743 	bit	7, d
      00032A 28 01                  744 	jr	Z, 00164$
      00032C 37                     745 	scf
      00032D                        746 00164$:
      00032D D2r13r04               747 	jp	NC, 00110$
                                    748 ;src/aweleia.c:105: jp |= p[i];
                                    749 ;c
      000330 F8 22                  750 	ldhl	sp,#34
      000332 2A                     751 	ld	a, (hl+)
      000333 5F                     752 	ld	e, a
      000334 56                     753 	ld	d, (hl)
      000335 F8 1F                  754 	ldhl	sp,	#31
      000337 6E                     755 	ld	l, (hl)
      000338 26 00                  756 	ld	h, #0x00
      00033A 19                     757 	add	hl, de
      00033B 4D                     758 	ld	c, l
      00033C 44                     759 	ld	b, h
      00033D 0A                     760 	ld	a, (bc)
      00033E F5                     761 	push	af
      00033F F8 20                  762 	ldhl	sp,	#32
      000341 B6                     763 	or	a, (hl)
      000342 77                     764 	ld	(hl), a
      000343 F1                     765 	pop	af
                                    766 ;src/aweleia.c:107: if(p[i])
      000344 B7                     767 	or	a, a
      000345 CAr0Dr04               768 	jp	Z, 00116$
                                    769 ;src/aweleia.c:108: if(jouer(np, p, i, j))
      000348 F8 12                  770 	ldhl	sp,#18
      00034A 2A                     771 	ld	a, (hl+)
      00034B 4F                     772 	ld	c, a
      00034C 46                     773 	ld	b, (hl)
      00034D F8 28                  774 	ldhl	sp,	#40
      00034F 7E                     775 	ld	a, (hl)
      000350 F5                     776 	push	af
      000351 33                     777 	inc	sp
      000352 F8 20                  778 	ldhl	sp,	#32
      000354 7E                     779 	ld	a, (hl)
      000355 F5                     780 	push	af
      000356 33                     781 	inc	sp
      000357 F8 24                  782 	ldhl	sp,	#36
      000359 2A                     783 	ld	a, (hl+)
      00035A 66                     784 	ld	h, (hl)
      00035B 6F                     785 	ld	l, a
      00035C E5                     786 	push	hl
      00035D C5                     787 	push	bc
      00035E CDr5Dr00               788 	call	_jouer
      000361 E8 06                  789 	add	sp, #6
      000363 7B                     790 	ld	a, e
      000364 B7                     791 	or	a, a
      000365 28 59                  792 	jr	Z, 00106$
                                    793 ;src/aweleia.c:110: a=alphabeta(np, alpha, beta, j, prf, n+1, res);
      000367 F8 2A                  794 	ldhl	sp,	#42
      000369 46                     795 	ld	b, (hl)
      00036A 04                     796 	inc	b
      00036B F8 16                  797 	ldhl	sp,#22
      00036D 2A                     798 	ld	a, (hl+)
      00036E 5F                     799 	ld	e, a
      00036F 56                     800 	ld	d, (hl)
      000370 F8 2B                  801 	ldhl	sp,	#43
      000372 2A                     802 	ld	a, (hl+)
      000373 66                     803 	ld	h, (hl)
      000374 6F                     804 	ld	l, a
      000375 E5                     805 	push	hl
      000376 C5                     806 	push	bc
      000377 33                     807 	inc	sp
      000378 F8 2C                  808 	ldhl	sp,	#44
      00037A 7E                     809 	ld	a, (hl)
      00037B F5                     810 	push	af
      00037C 33                     811 	inc	sp
      00037D 2B                     812 	dec	hl
      00037E 7E                     813 	ld	a, (hl)
      00037F F5                     814 	push	af
      000380 33                     815 	inc	sp
      000381 2B                     816 	dec	hl
      000382 2B                     817 	dec	hl
      000383 2A                     818 	ld	a, (hl+)
      000384 66                     819 	ld	h, (hl)
      000385 6F                     820 	ld	l, a
      000386 E5                     821 	push	hl
      000387 F8 2B                  822 	ldhl	sp,	#43
      000389 2A                     823 	ld	a, (hl+)
      00038A 66                     824 	ld	h, (hl)
      00038B 6F                     825 	ld	l, a
      00038C E5                     826 	push	hl
      00038D D5                     827 	push	de
      00038E CDr70r02               828 	call	_alphabeta
      000391 E8 0B                  829 	add	sp, #11
      000393 4B                     830 	ld	c, e
      000394 42                     831 	ld	b, d
                                    832 ;src/aweleia.c:111: if( a>alpha )
      000395 F8 24                  833 	ldhl	sp,	#36
      000397 7E                     834 	ld	a, (hl)
      000398 91                     835 	sub	a, c
      000399 23                     836 	inc	hl
      00039A 7E                     837 	ld	a, (hl)
      00039B 98                     838 	sbc	a, b
      00039C 56                     839 	ld	d, (hl)
      00039D 78                     840 	ld	a, b
      00039E CB 7F                  841 	bit	7,a
      0003A0 28 07                  842 	jr	Z, 00165$
      0003A2 CB 7A                  843 	bit	7, d
      0003A4 20 08                  844 	jr	NZ, 00166$
      0003A6 BF                     845 	cp	a, a
      0003A7 18 05                  846 	jr	00166$
      0003A9                        847 00165$:
      0003A9 CB 7A                  848 	bit	7, d
      0003AB 28 01                  849 	jr	Z, 00166$
      0003AD 37                     850 	scf
      0003AE                        851 00166$:
      0003AE 30 5D                  852 	jr	NC, 00116$
                                    853 ;src/aweleia.c:113: alpha=a;
      0003B0 F8 24                  854 	ldhl	sp,	#36
      0003B2 79                     855 	ld	a, c
      0003B3 22                     856 	ld	(hl+), a
      0003B4 70                     857 	ld	(hl), b
                                    858 ;src/aweleia.c:114: res[n]=i;
      0003B5 F8 1C                  859 	ldhl	sp,#28
      0003B7 2A                     860 	ld	a, (hl+)
      0003B8 5F                     861 	ld	e, a
      0003B9 2A                     862 	ld	a, (hl+)
      0003BA 57                     863 	ld	d, a
      0003BB 23                     864 	inc	hl
      0003BC 7E                     865 	ld	a, (hl)
      0003BD 12                     866 	ld	(de), a
      0003BE 18 4D                  867 	jr	00116$
      0003C0                        868 00106$:
                                    869 ;src/aweleia.c:119: a=minmax(np, alpha, beta, j, prf-1);
      0003C0 F8 29                  870 	ldhl	sp,	#41
      0003C2 7E                     871 	ld	a, (hl)
      0003C3 3D                     872 	dec	a
      0003C4 F8 14                  873 	ldhl	sp,#20
      0003C6 4E                     874 	ld	c, (hl)
      0003C7 23                     875 	inc	hl
      0003C8 46                     876 	ld	b, (hl)
      0003C9 F5                     877 	push	af
      0003CA 33                     878 	inc	sp
      0003CB F8 29                  879 	ldhl	sp,	#41
      0003CD 7E                     880 	ld	a, (hl)
      0003CE F5                     881 	push	af
      0003CF 33                     882 	inc	sp
      0003D0 2B                     883 	dec	hl
      0003D1 2B                     884 	dec	hl
      0003D2 2A                     885 	ld	a, (hl+)
      0003D3 66                     886 	ld	h, (hl)
      0003D4 6F                     887 	ld	l, a
      0003D5 E5                     888 	push	hl
      0003D6 F8 28                  889 	ldhl	sp,	#40
      0003D8 2A                     890 	ld	a, (hl+)
      0003D9 66                     891 	ld	h, (hl)
      0003DA 6F                     892 	ld	l, a
      0003DB E5                     893 	push	hl
      0003DC C5                     894 	push	bc
      0003DD CDr3Cr04               895 	call	_minmax
      0003E0 E8 08                  896 	add	sp, #8
      0003E2 4B                     897 	ld	c, e
      0003E3 42                     898 	ld	b, d
                                    899 ;src/aweleia.c:120: if( a>alpha )
      0003E4 F8 24                  900 	ldhl	sp,	#36
      0003E6 7E                     901 	ld	a, (hl)
      0003E7 91                     902 	sub	a, c
      0003E8 23                     903 	inc	hl
      0003E9 7E                     904 	ld	a, (hl)
      0003EA 98                     905 	sbc	a, b
      0003EB 56                     906 	ld	d, (hl)
      0003EC 78                     907 	ld	a, b
      0003ED CB 7F                  908 	bit	7,a
      0003EF 28 07                  909 	jr	Z, 00167$
      0003F1 CB 7A                  910 	bit	7, d
      0003F3 20 08                  911 	jr	NZ, 00168$
      0003F5 BF                     912 	cp	a, a
      0003F6 18 05                  913 	jr	00168$
      0003F8                        914 00167$:
      0003F8 CB 7A                  915 	bit	7, d
      0003FA 28 01                  916 	jr	Z, 00168$
      0003FC 37                     917 	scf
      0003FD                        918 00168$:
      0003FD 30 0E                  919 	jr	NC, 00116$
                                    920 ;src/aweleia.c:122: alpha=a;
      0003FF F8 24                  921 	ldhl	sp,	#36
      000401 79                     922 	ld	a, c
      000402 22                     923 	ld	(hl+), a
      000403 70                     924 	ld	(hl), b
                                    925 ;src/aweleia.c:123: res[n]=i;
      000404 F8 1C                  926 	ldhl	sp,#28
      000406 2A                     927 	ld	a, (hl+)
      000407 5F                     928 	ld	e, a
      000408 2A                     929 	ld	a, (hl+)
      000409 57                     930 	ld	d, a
      00040A 23                     931 	inc	hl
      00040B 7E                     932 	ld	a, (hl)
      00040C 12                     933 	ld	(de), a
      00040D                        934 00116$:
                                    935 ;src/aweleia.c:103: for( i=j*(NCASES+1); (i<(j+1)*NCASES+j) && (alpha<beta); i++)
      00040D F8 1F                  936 	ldhl	sp,	#31
      00040F 34                     937 	inc	(hl)
      000410 C3r97r02               938 	jp	00115$
      000413                        939 00110$:
                                    940 ;src/aweleia.c:150: if(!jp)
      000413 F8 1E                  941 	ldhl	sp,	#30
      000415 7E                     942 	ld	a, (hl)
      000416 B7                     943 	or	a, a
      000417 20 1B                  944 	jr	NZ, 00112$
                                    945 ;src/aweleia.c:154: res[n]=i;
      000419 2B                     946 	dec	hl
      00041A 2B                     947 	dec	hl
      00041B 2A                     948 	ld	a, (hl+)
      00041C 5F                     949 	ld	e, a
      00041D 2A                     950 	ld	a, (hl+)
      00041E 57                     951 	ld	d, a
      00041F 23                     952 	inc	hl
      000420 7E                     953 	ld	a, (hl)
      000421 12                     954 	ld	(de), a
                                    955 ;src/aweleia.c:155: return( eval(p, j) );
      000422 F8 28                  956 	ldhl	sp,	#40
      000424 7E                     957 	ld	a, (hl)
      000425 F5                     958 	push	af
      000426 33                     959 	inc	sp
      000427 F8 23                  960 	ldhl	sp,	#35
      000429 2A                     961 	ld	a, (hl+)
      00042A 66                     962 	ld	h, (hl)
      00042B 6F                     963 	ld	l, a
      00042C E5                     964 	push	hl
      00042D CDrBCr07               965 	call	_eval
      000430 E8 03                  966 	add	sp, #3
      000432 18 05                  967 	jr	00117$
      000434                        968 00112$:
                                    969 ;src/aweleia.c:158: return( alpha );
      000434 F8 24                  970 	ldhl	sp,#36
      000436 2A                     971 	ld	a, (hl+)
      000437 5F                     972 	ld	e, a
      000438 56                     973 	ld	d, (hl)
      000439                        974 00117$:
                                    975 ;src/aweleia.c:159: }
      000439 E8 20                  976 	add	sp, #32
      00043B C9                     977 	ret
                                    978 ;src/aweleia.c:162: WORD minmax(UBYTE *p, WORD alpha, WORD beta, UBYTE j, UBYTE prf)
                                    979 ;	---------------------------------
                                    980 ; Function minmax
                                    981 ; ---------------------------------
      00043C                        982 _minmax::
      00043C E8 E1                  983 	add	sp, #-31
                                    984 ;src/aweleia.c:164: register UBYTE np[LGPLAT], i, jp=0, jo;
      00043E AF                     985 	xor	a, a
      00043F F8 1D                  986 	ldhl	sp,	#29
      000441 77                     987 	ld	(hl), a
                                    988 ;src/aweleia.c:166: if(prf<=0)
      000442 F8 28                  989 	ldhl	sp,	#40
      000444 7E                     990 	ld	a, (hl)
      000445 B7                     991 	or	a, a
      000446 20 12                  992 	jr	NZ, 00102$
                                    993 ;src/aweleia.c:167: return( eval(p,j) );
      000448 2B                     994 	dec	hl
      000449 7E                     995 	ld	a, (hl)
      00044A F5                     996 	push	af
      00044B 33                     997 	inc	sp
      00044C F8 22                  998 	ldhl	sp,	#34
      00044E 2A                     999 	ld	a, (hl+)
      00044F 66                    1000 	ld	h, (hl)
      000450 6F                    1001 	ld	l, a
      000451 E5                    1002 	push	hl
      000452 CDrBCr07              1003 	call	_eval
      000455 E8 03                 1004 	add	sp, #3
      000457 C3rFCr05              1005 	jp	00115$
      00045A                       1006 00102$:
                                   1007 ;src/aweleia.c:169: jo=1-j;
      00045A F8 27                 1008 	ldhl	sp,	#39
      00045C 4E                    1009 	ld	c, (hl)
      00045D 3E 01                 1010 	ld	a, #0x01
      00045F 91                    1011 	sub	a, c
      000460 F8 12                 1012 	ldhl	sp,	#18
                                   1013 ;src/aweleia.c:171: for( i=jo*(NCASES+1); (i<(jo+1)*NCASES+jo) && (alpha<beta); i++)
      000462 77                    1014 	ld	(hl), a
      000463 4F                    1015 	ld	c, a
      000464 87                    1016 	add	a, a
      000465 87                    1017 	add	a, a
      000466 87                    1018 	add	a, a
      000467 81                    1019 	add	a, c
      000468 F8 1E                 1020 	ldhl	sp,	#30
      00046A 77                    1021 	ld	(hl), a
      00046B F8 00                 1022 	ldhl	sp,	#0
      00046D 7D                    1023 	ld	a, l
      00046E 54                    1024 	ld	d, h
      00046F F8 13                 1025 	ldhl	sp,	#19
      000471 22                    1026 	ld	(hl+), a
      000472 7A                    1027 	ld	a, d
      000473 32                    1028 	ld	(hl-), a
      000474 2A                    1029 	ld	a, (hl+)
      000475 5E                    1030 	ld	e, (hl)
      000476 23                    1031 	inc	hl
      000477 22                    1032 	ld	(hl+), a
      000478 73                    1033 	ld	(hl), e
      000479                       1034 00113$:
      000479 F8 12                 1035 	ldhl	sp,	#18
      00047B 7E                    1036 	ld	a, (hl)
      00047C F8 17                 1037 	ldhl	sp,	#23
      00047E 77                    1038 	ld	(hl), a
      00047F AF                    1039 	xor	a, a
      000480 23                    1040 	inc	hl
                                   1041 ;c
      000481 32                    1042 	ld	(hl-), a
      000482 2A                    1043 	ld	a, (hl+)
      000483 5F                    1044 	ld	e, a
      000484 56                    1045 	ld	d, (hl)
      000485 6B                    1046 	ld	l, e
      000486 62                    1047 	ld	h, d
      000487 23                    1048 	inc	hl
      000488 E5                    1049 	push	hl
      000489 7D                    1050 	ld	a, l
      00048A F8 1D                 1051 	ldhl	sp,	#29
      00048C 77                    1052 	ld	(hl), a
      00048D E1                    1053 	pop	hl
      00048E 7C                    1054 	ld	a, h
      00048F F8 1C                 1055 	ldhl	sp,	#28
      000491 32                    1056 	ld	(hl-), a
      000492 3A                    1057 	ld	a, (hl-)
      000493 2B                    1058 	dec	hl
      000494 77                    1059 	ld	(hl), a
      000495 F8 1C                 1060 	ldhl	sp,	#28
      000497 3A                    1061 	ld	a, (hl-)
      000498 2B                    1062 	dec	hl
      000499 77                    1063 	ld	(hl), a
      00049A 3E 03                 1064 	ld	a, #0x03
      00049C                       1065 00167$:
      00049C F8 19                 1066 	ldhl	sp,	#25
      00049E CB 26                 1067 	sla	(hl)
      0004A0 23                    1068 	inc	hl
      0004A1 CB 16                 1069 	rl	(hl)
      0004A3 3D                    1070 	dec	a
      0004A4 20 F6                 1071 	jr	NZ, 00167$
                                   1072 ;c
      0004A6 2B                    1073 	dec	hl
      0004A7 2A                    1074 	ld	a, (hl+)
      0004A8 5F                    1075 	ld	e, a
      0004A9 56                    1076 	ld	d, (hl)
      0004AA F8 17                 1077 	ldhl	sp,	#23
      0004AC 2A                    1078 	ld	a, (hl+)
      0004AD 66                    1079 	ld	h, (hl)
      0004AE 6F                    1080 	ld	l, a
      0004AF 19                    1081 	add	hl, de
      0004B0 E5                    1082 	push	hl
      0004B1 7D                    1083 	ld	a, l
      0004B2 F8 1D                 1084 	ldhl	sp,	#29
      0004B4 77                    1085 	ld	(hl), a
      0004B5 E1                    1086 	pop	hl
      0004B6 7C                    1087 	ld	a, h
      0004B7 F8 1C                 1088 	ldhl	sp,	#28
      0004B9 22                    1089 	ld	(hl+), a
      0004BA 23                    1090 	inc	hl
      0004BB 7E                    1091 	ld	a, (hl)
      0004BC F8 19                 1092 	ldhl	sp,	#25
      0004BE 77                    1093 	ld	(hl), a
      0004BF AF                    1094 	xor	a, a
      0004C0 23                    1095 	inc	hl
      0004C1 77                    1096 	ld	(hl), a
      0004C2 F8 19                 1097 	ldhl	sp,	#25
      0004C4 5D                    1098 	ld	e, l
      0004C5 54                    1099 	ld	d, h
      0004C6 F8 1B                 1100 	ldhl	sp,	#27
      0004C8 1A                    1101 	ld	a, (de)
      0004C9 96                    1102 	sub	a, (hl)
      0004CA 23                    1103 	inc	hl
      0004CB 13                    1104 	inc	de
      0004CC 1A                    1105 	ld	a, (de)
      0004CD 9E                    1106 	sbc	a, (hl)
      0004CE 1A                    1107 	ld	a, (de)
      0004CF 57                    1108 	ld	d, a
      0004D0 CB 7E                 1109 	bit	7, (hl)
      0004D2 28 07                 1110 	jr	Z, 00168$
      0004D4 CB 7A                 1111 	bit	7, d
      0004D6 20 08                 1112 	jr	NZ, 00169$
      0004D8 BF                    1113 	cp	a, a
      0004D9 18 05                 1114 	jr	00169$
      0004DB                       1115 00168$:
      0004DB CB 7A                 1116 	bit	7, d
      0004DD 28 01                 1117 	jr	Z, 00169$
      0004DF 37                    1118 	scf
      0004E0                       1119 00169$:
      0004E0 D2rDFr05              1120 	jp	NC, 00108$
      0004E3 F8 23                 1121 	ldhl	sp,	#35
      0004E5 5D                    1122 	ld	e, l
      0004E6 54                    1123 	ld	d, h
      0004E7 F8 25                 1124 	ldhl	sp,	#37
      0004E9 1A                    1125 	ld	a, (de)
      0004EA 96                    1126 	sub	a, (hl)
      0004EB 23                    1127 	inc	hl
      0004EC 13                    1128 	inc	de
      0004ED 1A                    1129 	ld	a, (de)
      0004EE 9E                    1130 	sbc	a, (hl)
      0004EF 1A                    1131 	ld	a, (de)
      0004F0 57                    1132 	ld	d, a
      0004F1 CB 7E                 1133 	bit	7, (hl)
      0004F3 28 07                 1134 	jr	Z, 00170$
      0004F5 CB 7A                 1135 	bit	7, d
      0004F7 20 08                 1136 	jr	NZ, 00171$
      0004F9 BF                    1137 	cp	a, a
      0004FA 18 05                 1138 	jr	00171$
      0004FC                       1139 00170$:
      0004FC CB 7A                 1140 	bit	7, d
      0004FE 28 01                 1141 	jr	Z, 00171$
      000500 37                    1142 	scf
      000501                       1143 00171$:
      000501 D2rDFr05              1144 	jp	NC, 00108$
                                   1145 ;src/aweleia.c:173: jp |= p[i];
                                   1146 ;c
      000504 F8 21                 1147 	ldhl	sp,#33
      000506 2A                    1148 	ld	a, (hl+)
      000507 5F                    1149 	ld	e, a
      000508 56                    1150 	ld	d, (hl)
      000509 F8 1E                 1151 	ldhl	sp,	#30
      00050B 6E                    1152 	ld	l, (hl)
      00050C 26 00                 1153 	ld	h, #0x00
      00050E 19                    1154 	add	hl, de
      00050F 4D                    1155 	ld	c, l
      000510 44                    1156 	ld	b, h
      000511 0A                    1157 	ld	a, (bc)
      000512 F5                    1158 	push	af
      000513 F8 1F                 1159 	ldhl	sp,	#31
      000515 B6                    1160 	or	a, (hl)
      000516 77                    1161 	ld	(hl), a
      000517 F1                    1162 	pop	af
                                   1163 ;src/aweleia.c:174: if( p[i] )
      000518 B7                    1164 	or	a, a
      000519 CArD9r05              1165 	jp	Z, 00114$
                                   1166 ;src/aweleia.c:175: if( jouer(np, p, i, jo) )
      00051C F8 13                 1167 	ldhl	sp,#19
      00051E 2A                    1168 	ld	a, (hl+)
      00051F 4F                    1169 	ld	c, a
      000520 3A                    1170 	ld	a, (hl-)
      000521 47                    1171 	ld	b, a
      000522 2B                    1172 	dec	hl
      000523 7E                    1173 	ld	a, (hl)
      000524 F5                    1174 	push	af
      000525 33                    1175 	inc	sp
      000526 F8 1F                 1176 	ldhl	sp,	#31
      000528 7E                    1177 	ld	a, (hl)
      000529 F5                    1178 	push	af
      00052A 33                    1179 	inc	sp
      00052B F8 23                 1180 	ldhl	sp,	#35
      00052D 2A                    1181 	ld	a, (hl+)
      00052E 66                    1182 	ld	h, (hl)
      00052F 6F                    1183 	ld	l, a
      000530 E5                    1184 	push	hl
      000531 C5                    1185 	push	bc
      000532 CDr5Dr00              1186 	call	_jouer
      000535 E8 06                 1187 	add	sp, #6
      000537 4B                    1188 	ld	c, e
                                   1189 ;src/aweleia.c:178: beta = MIN(b, beta);
      000538 F8 25                 1190 	ldhl	sp,	#37
      00053A 2A                    1191 	ld	a, (hl+)
      00053B 5E                    1192 	ld	e, (hl)
      00053C F8 1B                 1193 	ldhl	sp,	#27
      00053E 22                    1194 	ld	(hl+), a
      00053F 73                    1195 	ld	(hl), e
                                   1196 ;src/aweleia.c:175: if( jouer(np, p, i, jo) )
      000540 79                    1197 	ld	a, c
      000541 B7                    1198 	or	a, a
      000542 28 4C                 1199 	jr	Z, 00104$
                                   1200 ;src/aweleia.c:177: b = minmax(np, alpha, beta, j, prf);
      000544 F8 13                 1201 	ldhl	sp,#19
      000546 2A                    1202 	ld	a, (hl+)
      000547 4F                    1203 	ld	c, a
      000548 46                    1204 	ld	b, (hl)
      000549 F8 28                 1205 	ldhl	sp,	#40
      00054B 7E                    1206 	ld	a, (hl)
      00054C F5                    1207 	push	af
      00054D 33                    1208 	inc	sp
      00054E 2B                    1209 	dec	hl
      00054F 7E                    1210 	ld	a, (hl)
      000550 F5                    1211 	push	af
      000551 33                    1212 	inc	sp
      000552 2B                    1213 	dec	hl
      000553 2B                    1214 	dec	hl
      000554 2A                    1215 	ld	a, (hl+)
      000555 66                    1216 	ld	h, (hl)
      000556 6F                    1217 	ld	l, a
      000557 E5                    1218 	push	hl
      000558 F8 27                 1219 	ldhl	sp,	#39
      00055A 2A                    1220 	ld	a, (hl+)
      00055B 66                    1221 	ld	h, (hl)
      00055C 6F                    1222 	ld	l, a
      00055D E5                    1223 	push	hl
      00055E C5                    1224 	push	bc
      00055F CDr3Cr04              1225 	call	_minmax
      000562 E8 08                 1226 	add	sp, #8
      000564 4B                    1227 	ld	c, e
      000565 42                    1228 	ld	b, d
                                   1229 ;src/aweleia.c:178: beta = MIN(b, beta);
      000566 F8 25                 1230 	ldhl	sp,	#37
      000568 79                    1231 	ld	a, c
      000569 96                    1232 	sub	a, (hl)
      00056A 23                    1233 	inc	hl
      00056B 78                    1234 	ld	a, b
      00056C 9E                    1235 	sbc	a, (hl)
      00056D 78                    1236 	ld	a, b
      00056E 57                    1237 	ld	d, a
      00056F CB 7E                 1238 	bit	7, (hl)
      000571 28 07                 1239 	jr	Z, 00172$
      000573 CB 7A                 1240 	bit	7, d
      000575 20 08                 1241 	jr	NZ, 00173$
      000577 BF                    1242 	cp	a, a
      000578 18 05                 1243 	jr	00173$
      00057A                       1244 00172$:
      00057A CB 7A                 1245 	bit	7, d
      00057C 28 01                 1246 	jr	Z, 00173$
      00057E 37                    1247 	scf
      00057F                       1248 00173$:
      00057F 30 05                 1249 	jr	NC, 00117$
      000581 F8 1B                 1250 	ldhl	sp,	#27
      000583 79                    1251 	ld	a, c
      000584 22                    1252 	ld	(hl+), a
      000585 70                    1253 	ld	(hl), b
      000586                       1254 00117$:
      000586 F8 1B                 1255 	ldhl	sp,	#27
      000588 2A                    1256 	ld	a, (hl+)
      000589 5E                    1257 	ld	e, (hl)
      00058A F8 25                 1258 	ldhl	sp,	#37
      00058C 22                    1259 	ld	(hl+), a
      00058D 73                    1260 	ld	(hl), e
      00058E 18 49                 1261 	jr	00114$
      000590                       1262 00104$:
                                   1263 ;src/aweleia.c:182: b = maxmin(np, alpha, beta, j, prf-1);
      000590 F8 28                 1264 	ldhl	sp,	#40
      000592 7E                    1265 	ld	a, (hl)
      000593 3D                    1266 	dec	a
      000594 F8 15                 1267 	ldhl	sp,#21
      000596 4E                    1268 	ld	c, (hl)
      000597 23                    1269 	inc	hl
      000598 46                    1270 	ld	b, (hl)
      000599 F5                    1271 	push	af
      00059A 33                    1272 	inc	sp
      00059B F8 28                 1273 	ldhl	sp,	#40
      00059D 7E                    1274 	ld	a, (hl)
      00059E F5                    1275 	push	af
      00059F 33                    1276 	inc	sp
      0005A0 2B                    1277 	dec	hl
      0005A1 2B                    1278 	dec	hl
      0005A2 2A                    1279 	ld	a, (hl+)
      0005A3 66                    1280 	ld	h, (hl)
      0005A4 6F                    1281 	ld	l, a
      0005A5 E5                    1282 	push	hl
      0005A6 F8 27                 1283 	ldhl	sp,	#39
      0005A8 2A                    1284 	ld	a, (hl+)
      0005A9 66                    1285 	ld	h, (hl)
      0005AA 6F                    1286 	ld	l, a
      0005AB E5                    1287 	push	hl
      0005AC C5                    1288 	push	bc
      0005AD CDrFFr05              1289 	call	_maxmin
      0005B0 E8 08                 1290 	add	sp, #8
      0005B2 4B                    1291 	ld	c, e
      0005B3 42                    1292 	ld	b, d
                                   1293 ;src/aweleia.c:183: beta = MIN(b, beta);
      0005B4 F8 25                 1294 	ldhl	sp,	#37
      0005B6 79                    1295 	ld	a, c
      0005B7 96                    1296 	sub	a, (hl)
      0005B8 23                    1297 	inc	hl
      0005B9 78                    1298 	ld	a, b
      0005BA 9E                    1299 	sbc	a, (hl)
      0005BB 78                    1300 	ld	a, b
      0005BC 57                    1301 	ld	d, a
      0005BD CB 7E                 1302 	bit	7, (hl)
      0005BF 28 07                 1303 	jr	Z, 00174$
      0005C1 CB 7A                 1304 	bit	7, d
      0005C3 20 08                 1305 	jr	NZ, 00175$
      0005C5 BF                    1306 	cp	a, a
      0005C6 18 05                 1307 	jr	00175$
      0005C8                       1308 00174$:
      0005C8 CB 7A                 1309 	bit	7, d
      0005CA 28 01                 1310 	jr	Z, 00175$
      0005CC 37                    1311 	scf
      0005CD                       1312 00175$:
      0005CD 38 05                 1313 	jr	C, 00120$
      0005CF F8 1B                 1314 	ldhl	sp,#27
      0005D1 2A                    1315 	ld	a, (hl+)
      0005D2 4F                    1316 	ld	c, a
      0005D3 46                    1317 	ld	b, (hl)
      0005D4                       1318 00120$:
      0005D4 F8 25                 1319 	ldhl	sp,	#37
      0005D6 79                    1320 	ld	a, c
      0005D7 22                    1321 	ld	(hl+), a
      0005D8 70                    1322 	ld	(hl), b
      0005D9                       1323 00114$:
                                   1324 ;src/aweleia.c:171: for( i=jo*(NCASES+1); (i<(jo+1)*NCASES+jo) && (alpha<beta); i++)
      0005D9 F8 1E                 1325 	ldhl	sp,	#30
      0005DB 34                    1326 	inc	(hl)
      0005DC C3r79r04              1327 	jp	00113$
      0005DF                       1328 00108$:
                                   1329 ;src/aweleia.c:187: if( !jp )
      0005DF F8 1D                 1330 	ldhl	sp,	#29
      0005E1 7E                    1331 	ld	a, (hl)
      0005E2 B7                    1332 	or	a, a
      0005E3 20 12                 1333 	jr	NZ, 00110$
                                   1334 ;src/aweleia.c:188: return( eval(p, j) );
      0005E5 F8 27                 1335 	ldhl	sp,	#39
      0005E7 7E                    1336 	ld	a, (hl)
      0005E8 F5                    1337 	push	af
      0005E9 33                    1338 	inc	sp
      0005EA F8 22                 1339 	ldhl	sp,	#34
      0005EC 2A                    1340 	ld	a, (hl+)
      0005ED 66                    1341 	ld	h, (hl)
      0005EE 6F                    1342 	ld	l, a
      0005EF E5                    1343 	push	hl
      0005F0 CDrBCr07              1344 	call	_eval
      0005F3 E8 03                 1345 	add	sp, #3
      0005F5 18 05                 1346 	jr	00115$
      0005F7                       1347 00110$:
                                   1348 ;src/aweleia.c:190: return( beta );
      0005F7 F8 25                 1349 	ldhl	sp,#37
      0005F9 2A                    1350 	ld	a, (hl+)
      0005FA 5F                    1351 	ld	e, a
      0005FB 56                    1352 	ld	d, (hl)
      0005FC                       1353 00115$:
                                   1354 ;src/aweleia.c:191: }
      0005FC E8 1F                 1355 	add	sp, #31
      0005FE C9                    1356 	ret
                                   1357 ;src/aweleia.c:194: WORD maxmin(UBYTE *p, WORD alpha, WORD beta, UBYTE j, UBYTE prf)
                                   1358 ;	---------------------------------
                                   1359 ; Function maxmin
                                   1360 ; ---------------------------------
      0005FF                       1361 _maxmin::
      0005FF E8 E2                 1362 	add	sp, #-30
                                   1363 ;src/aweleia.c:196: register UBYTE np[LGPLAT], i, jp=0;
      000601 AF                    1364 	xor	a, a
      000602 F8 1C                 1365 	ldhl	sp,	#28
      000604 77                    1366 	ld	(hl), a
                                   1367 ;src/aweleia.c:198: if(prf<=0)
      000605 F8 27                 1368 	ldhl	sp,	#39
      000607 7E                    1369 	ld	a, (hl)
      000608 B7                    1370 	or	a, a
      000609 20 12                 1371 	jr	NZ, 00102$
                                   1372 ;src/aweleia.c:199: return( eval(p,j) );
      00060B 2B                    1373 	dec	hl
      00060C 7E                    1374 	ld	a, (hl)
      00060D F5                    1375 	push	af
      00060E 33                    1376 	inc	sp
      00060F F8 21                 1377 	ldhl	sp,	#33
      000611 2A                    1378 	ld	a, (hl+)
      000612 66                    1379 	ld	h, (hl)
      000613 6F                    1380 	ld	l, a
      000614 E5                    1381 	push	hl
      000615 CDrBCr07              1382 	call	_eval
      000618 E8 03                 1383 	add	sp, #3
      00061A C3rB9r07              1384 	jp	00115$
      00061D                       1385 00102$:
                                   1386 ;src/aweleia.c:201: for( i=j*(NCASES+1); (i<(j+1)*NCASES+j) && (alpha<beta); i++)
      00061D F8 26                 1387 	ldhl	sp,	#38
      00061F 7E                    1388 	ld	a, (hl)
      000620 4F                    1389 	ld	c, a
      000621 87                    1390 	add	a, a
      000622 87                    1391 	add	a, a
      000623 87                    1392 	add	a, a
      000624 81                    1393 	add	a, c
      000625 F8 1D                 1394 	ldhl	sp,	#29
      000627 77                    1395 	ld	(hl), a
      000628 F8 00                 1396 	ldhl	sp,	#0
      00062A 7D                    1397 	ld	a, l
      00062B 54                    1398 	ld	d, h
      00062C F8 12                 1399 	ldhl	sp,	#18
      00062E 22                    1400 	ld	(hl+), a
      00062F 7A                    1401 	ld	a, d
      000630 32                    1402 	ld	(hl-), a
      000631 2A                    1403 	ld	a, (hl+)
      000632 5E                    1404 	ld	e, (hl)
      000633 23                    1405 	inc	hl
      000634 22                    1406 	ld	(hl+), a
      000635 73                    1407 	ld	(hl), e
      000636                       1408 00113$:
      000636 F8 26                 1409 	ldhl	sp,	#38
      000638 7E                    1410 	ld	a, (hl)
      000639 F8 16                 1411 	ldhl	sp,	#22
      00063B 77                    1412 	ld	(hl), a
      00063C AF                    1413 	xor	a, a
      00063D 23                    1414 	inc	hl
                                   1415 ;c
      00063E 32                    1416 	ld	(hl-), a
      00063F 2A                    1417 	ld	a, (hl+)
      000640 5F                    1418 	ld	e, a
      000641 56                    1419 	ld	d, (hl)
      000642 6B                    1420 	ld	l, e
      000643 62                    1421 	ld	h, d
      000644 23                    1422 	inc	hl
      000645 E5                    1423 	push	hl
      000646 7D                    1424 	ld	a, l
      000647 F8 1C                 1425 	ldhl	sp,	#28
      000649 77                    1426 	ld	(hl), a
      00064A E1                    1427 	pop	hl
      00064B 7C                    1428 	ld	a, h
      00064C F8 1B                 1429 	ldhl	sp,	#27
      00064E 32                    1430 	ld	(hl-), a
      00064F 3A                    1431 	ld	a, (hl-)
      000650 2B                    1432 	dec	hl
      000651 77                    1433 	ld	(hl), a
      000652 F8 1B                 1434 	ldhl	sp,	#27
      000654 3A                    1435 	ld	a, (hl-)
      000655 2B                    1436 	dec	hl
      000656 77                    1437 	ld	(hl), a
      000657 3E 03                 1438 	ld	a, #0x03
      000659                       1439 00167$:
      000659 F8 18                 1440 	ldhl	sp,	#24
      00065B CB 26                 1441 	sla	(hl)
      00065D 23                    1442 	inc	hl
      00065E CB 16                 1443 	rl	(hl)
      000660 3D                    1444 	dec	a
      000661 20 F6                 1445 	jr	NZ, 00167$
                                   1446 ;c
      000663 2B                    1447 	dec	hl
      000664 2A                    1448 	ld	a, (hl+)
      000665 5F                    1449 	ld	e, a
      000666 56                    1450 	ld	d, (hl)
      000667 F8 16                 1451 	ldhl	sp,	#22
      000669 2A                    1452 	ld	a, (hl+)
      00066A 66                    1453 	ld	h, (hl)
      00066B 6F                    1454 	ld	l, a
      00066C 19                    1455 	add	hl, de
      00066D E5                    1456 	push	hl
      00066E 7D                    1457 	ld	a, l
      00066F F8 1C                 1458 	ldhl	sp,	#28
      000671 77                    1459 	ld	(hl), a
      000672 E1                    1460 	pop	hl
      000673 7C                    1461 	ld	a, h
      000674 F8 1B                 1462 	ldhl	sp,	#27
      000676 22                    1463 	ld	(hl+), a
      000677 23                    1464 	inc	hl
      000678 7E                    1465 	ld	a, (hl)
      000679 F8 18                 1466 	ldhl	sp,	#24
      00067B 77                    1467 	ld	(hl), a
      00067C AF                    1468 	xor	a, a
      00067D 23                    1469 	inc	hl
      00067E 77                    1470 	ld	(hl), a
      00067F F8 18                 1471 	ldhl	sp,	#24
      000681 5D                    1472 	ld	e, l
      000682 54                    1473 	ld	d, h
      000683 F8 1A                 1474 	ldhl	sp,	#26
      000685 1A                    1475 	ld	a, (de)
      000686 96                    1476 	sub	a, (hl)
      000687 23                    1477 	inc	hl
      000688 13                    1478 	inc	de
      000689 1A                    1479 	ld	a, (de)
      00068A 9E                    1480 	sbc	a, (hl)
      00068B 1A                    1481 	ld	a, (de)
      00068C 57                    1482 	ld	d, a
      00068D CB 7E                 1483 	bit	7, (hl)
      00068F 28 07                 1484 	jr	Z, 00168$
      000691 CB 7A                 1485 	bit	7, d
      000693 20 08                 1486 	jr	NZ, 00169$
      000695 BF                    1487 	cp	a, a
      000696 18 05                 1488 	jr	00169$
      000698                       1489 00168$:
      000698 CB 7A                 1490 	bit	7, d
      00069A 28 01                 1491 	jr	Z, 00169$
      00069C 37                    1492 	scf
      00069D                       1493 00169$:
      00069D D2r9Cr07              1494 	jp	NC, 00108$
      0006A0 F8 22                 1495 	ldhl	sp,	#34
      0006A2 5D                    1496 	ld	e, l
      0006A3 54                    1497 	ld	d, h
      0006A4 F8 24                 1498 	ldhl	sp,	#36
      0006A6 1A                    1499 	ld	a, (de)
      0006A7 96                    1500 	sub	a, (hl)
      0006A8 23                    1501 	inc	hl
      0006A9 13                    1502 	inc	de
      0006AA 1A                    1503 	ld	a, (de)
      0006AB 9E                    1504 	sbc	a, (hl)
      0006AC 1A                    1505 	ld	a, (de)
      0006AD 57                    1506 	ld	d, a
      0006AE CB 7E                 1507 	bit	7, (hl)
      0006B0 28 07                 1508 	jr	Z, 00170$
      0006B2 CB 7A                 1509 	bit	7, d
      0006B4 20 08                 1510 	jr	NZ, 00171$
      0006B6 BF                    1511 	cp	a, a
      0006B7 18 05                 1512 	jr	00171$
      0006B9                       1513 00170$:
      0006B9 CB 7A                 1514 	bit	7, d
      0006BB 28 01                 1515 	jr	Z, 00171$
      0006BD 37                    1516 	scf
      0006BE                       1517 00171$:
      0006BE D2r9Cr07              1518 	jp	NC, 00108$
                                   1519 ;src/aweleia.c:203: jp |= p[i];
                                   1520 ;c
      0006C1 F8 20                 1521 	ldhl	sp,#32
      0006C3 2A                    1522 	ld	a, (hl+)
      0006C4 5F                    1523 	ld	e, a
      0006C5 56                    1524 	ld	d, (hl)
      0006C6 F8 1D                 1525 	ldhl	sp,	#29
      0006C8 6E                    1526 	ld	l, (hl)
      0006C9 26 00                 1527 	ld	h, #0x00
      0006CB 19                    1528 	add	hl, de
      0006CC 4D                    1529 	ld	c, l
      0006CD 44                    1530 	ld	b, h
      0006CE 0A                    1531 	ld	a, (bc)
      0006CF F5                    1532 	push	af
      0006D0 F8 1E                 1533 	ldhl	sp,	#30
      0006D2 B6                    1534 	or	a, (hl)
      0006D3 77                    1535 	ld	(hl), a
      0006D4 F1                    1536 	pop	af
                                   1537 ;src/aweleia.c:204: if( p[i] )
      0006D5 B7                    1538 	or	a, a
      0006D6 CAr96r07              1539 	jp	Z, 00114$
                                   1540 ;src/aweleia.c:205: if( jouer(np, p, i, j) )
      0006D9 F8 12                 1541 	ldhl	sp,#18
      0006DB 2A                    1542 	ld	a, (hl+)
      0006DC 4F                    1543 	ld	c, a
      0006DD 46                    1544 	ld	b, (hl)
      0006DE F8 26                 1545 	ldhl	sp,	#38
      0006E0 7E                    1546 	ld	a, (hl)
      0006E1 F5                    1547 	push	af
      0006E2 33                    1548 	inc	sp
      0006E3 F8 1E                 1549 	ldhl	sp,	#30
      0006E5 7E                    1550 	ld	a, (hl)
      0006E6 F5                    1551 	push	af
      0006E7 33                    1552 	inc	sp
      0006E8 F8 22                 1553 	ldhl	sp,	#34
      0006EA 2A                    1554 	ld	a, (hl+)
      0006EB 66                    1555 	ld	h, (hl)
      0006EC 6F                    1556 	ld	l, a
      0006ED E5                    1557 	push	hl
      0006EE C5                    1558 	push	bc
      0006EF CDr5Dr00              1559 	call	_jouer
      0006F2 E8 06                 1560 	add	sp, #6
      0006F4 4B                    1561 	ld	c, e
                                   1562 ;src/aweleia.c:208: alpha = MAX(a, alpha);
      0006F5 F8 22                 1563 	ldhl	sp,	#34
      0006F7 2A                    1564 	ld	a, (hl+)
      0006F8 5E                    1565 	ld	e, (hl)
      0006F9 F8 1A                 1566 	ldhl	sp,	#26
      0006FB 22                    1567 	ld	(hl+), a
      0006FC 73                    1568 	ld	(hl), e
                                   1569 ;src/aweleia.c:205: if( jouer(np, p, i, j) )
      0006FD 79                    1570 	ld	a, c
      0006FE B7                    1571 	or	a, a
      0006FF 28 4C                 1572 	jr	Z, 00104$
                                   1573 ;src/aweleia.c:207: a = maxmin(np, alpha, beta, j, prf);
      000701 F8 12                 1574 	ldhl	sp,#18
      000703 2A                    1575 	ld	a, (hl+)
      000704 4F                    1576 	ld	c, a
      000705 46                    1577 	ld	b, (hl)
      000706 F8 27                 1578 	ldhl	sp,	#39
      000708 7E                    1579 	ld	a, (hl)
      000709 F5                    1580 	push	af
      00070A 33                    1581 	inc	sp
      00070B 2B                    1582 	dec	hl
      00070C 7E                    1583 	ld	a, (hl)
      00070D F5                    1584 	push	af
      00070E 33                    1585 	inc	sp
      00070F 2B                    1586 	dec	hl
      000710 2B                    1587 	dec	hl
      000711 2A                    1588 	ld	a, (hl+)
      000712 66                    1589 	ld	h, (hl)
      000713 6F                    1590 	ld	l, a
      000714 E5                    1591 	push	hl
      000715 F8 26                 1592 	ldhl	sp,	#38
      000717 2A                    1593 	ld	a, (hl+)
      000718 66                    1594 	ld	h, (hl)
      000719 6F                    1595 	ld	l, a
      00071A E5                    1596 	push	hl
      00071B C5                    1597 	push	bc
      00071C CDrFFr05              1598 	call	_maxmin
      00071F E8 08                 1599 	add	sp, #8
      000721 4B                    1600 	ld	c, e
      000722 42                    1601 	ld	b, d
                                   1602 ;src/aweleia.c:208: alpha = MAX(a, alpha);
      000723 F8 22                 1603 	ldhl	sp,	#34
      000725 7E                    1604 	ld	a, (hl)
      000726 91                    1605 	sub	a, c
      000727 23                    1606 	inc	hl
      000728 7E                    1607 	ld	a, (hl)
      000729 98                    1608 	sbc	a, b
      00072A 56                    1609 	ld	d, (hl)
      00072B 78                    1610 	ld	a, b
      00072C CB 7F                 1611 	bit	7,a
      00072E 28 07                 1612 	jr	Z, 00172$
      000730 CB 7A                 1613 	bit	7, d
      000732 20 08                 1614 	jr	NZ, 00173$
      000734 BF                    1615 	cp	a, a
      000735 18 05                 1616 	jr	00173$
      000737                       1617 00172$:
      000737 CB 7A                 1618 	bit	7, d
      000739 28 01                 1619 	jr	Z, 00173$
      00073B 37                    1620 	scf
      00073C                       1621 00173$:
      00073C 30 05                 1622 	jr	NC, 00117$
      00073E F8 1A                 1623 	ldhl	sp,	#26
      000740 79                    1624 	ld	a, c
      000741 22                    1625 	ld	(hl+), a
      000742 70                    1626 	ld	(hl), b
      000743                       1627 00117$:
      000743 F8 1A                 1628 	ldhl	sp,	#26
      000745 2A                    1629 	ld	a, (hl+)
      000746 5E                    1630 	ld	e, (hl)
      000747 F8 22                 1631 	ldhl	sp,	#34
      000749 22                    1632 	ld	(hl+), a
      00074A 73                    1633 	ld	(hl), e
      00074B 18 49                 1634 	jr	00114$
      00074D                       1635 00104$:
                                   1636 ;src/aweleia.c:212: a = minmax(np, alpha, beta, j, prf-1);
      00074D F8 27                 1637 	ldhl	sp,	#39
      00074F 7E                    1638 	ld	a, (hl)
      000750 3D                    1639 	dec	a
      000751 F8 14                 1640 	ldhl	sp,#20
      000753 4E                    1641 	ld	c, (hl)
      000754 23                    1642 	inc	hl
      000755 46                    1643 	ld	b, (hl)
      000756 F5                    1644 	push	af
      000757 33                    1645 	inc	sp
      000758 F8 27                 1646 	ldhl	sp,	#39
      00075A 7E                    1647 	ld	a, (hl)
      00075B F5                    1648 	push	af
      00075C 33                    1649 	inc	sp
      00075D 2B                    1650 	dec	hl
      00075E 2B                    1651 	dec	hl
      00075F 2A                    1652 	ld	a, (hl+)
      000760 66                    1653 	ld	h, (hl)
      000761 6F                    1654 	ld	l, a
      000762 E5                    1655 	push	hl
      000763 F8 26                 1656 	ldhl	sp,	#38
      000765 2A                    1657 	ld	a, (hl+)
      000766 66                    1658 	ld	h, (hl)
      000767 6F                    1659 	ld	l, a
      000768 E5                    1660 	push	hl
      000769 C5                    1661 	push	bc
      00076A CDr3Cr04              1662 	call	_minmax
      00076D E8 08                 1663 	add	sp, #8
      00076F 4B                    1664 	ld	c, e
      000770 42                    1665 	ld	b, d
                                   1666 ;src/aweleia.c:213: alpha = MAX(a, alpha);
      000771 F8 22                 1667 	ldhl	sp,	#34
      000773 7E                    1668 	ld	a, (hl)
      000774 91                    1669 	sub	a, c
      000775 23                    1670 	inc	hl
      000776 7E                    1671 	ld	a, (hl)
      000777 98                    1672 	sbc	a, b
      000778 56                    1673 	ld	d, (hl)
      000779 78                    1674 	ld	a, b
      00077A CB 7F                 1675 	bit	7,a
      00077C 28 07                 1676 	jr	Z, 00174$
      00077E CB 7A                 1677 	bit	7, d
      000780 20 08                 1678 	jr	NZ, 00175$
      000782 BF                    1679 	cp	a, a
      000783 18 05                 1680 	jr	00175$
      000785                       1681 00174$:
      000785 CB 7A                 1682 	bit	7, d
      000787 28 01                 1683 	jr	Z, 00175$
      000789 37                    1684 	scf
      00078A                       1685 00175$:
      00078A 38 05                 1686 	jr	C, 00120$
      00078C F8 1A                 1687 	ldhl	sp,#26
      00078E 2A                    1688 	ld	a, (hl+)
      00078F 4F                    1689 	ld	c, a
      000790 46                    1690 	ld	b, (hl)
      000791                       1691 00120$:
      000791 F8 22                 1692 	ldhl	sp,	#34
      000793 79                    1693 	ld	a, c
      000794 22                    1694 	ld	(hl+), a
      000795 70                    1695 	ld	(hl), b
      000796                       1696 00114$:
                                   1697 ;src/aweleia.c:201: for( i=j*(NCASES+1); (i<(j+1)*NCASES+j) && (alpha<beta); i++)
      000796 F8 1D                 1698 	ldhl	sp,	#29
      000798 34                    1699 	inc	(hl)
      000799 C3r36r06              1700 	jp	00113$
      00079C                       1701 00108$:
                                   1702 ;src/aweleia.c:217: if( !jp )
      00079C F8 1C                 1703 	ldhl	sp,	#28
      00079E 7E                    1704 	ld	a, (hl)
      00079F B7                    1705 	or	a, a
      0007A0 20 12                 1706 	jr	NZ, 00110$
                                   1707 ;src/aweleia.c:218: return( eval(p, j) );
      0007A2 F8 26                 1708 	ldhl	sp,	#38
      0007A4 7E                    1709 	ld	a, (hl)
      0007A5 F5                    1710 	push	af
      0007A6 33                    1711 	inc	sp
      0007A7 F8 21                 1712 	ldhl	sp,	#33
      0007A9 2A                    1713 	ld	a, (hl+)
      0007AA 66                    1714 	ld	h, (hl)
      0007AB 6F                    1715 	ld	l, a
      0007AC E5                    1716 	push	hl
      0007AD CDrBCr07              1717 	call	_eval
      0007B0 E8 03                 1718 	add	sp, #3
      0007B2 18 05                 1719 	jr	00115$
      0007B4                       1720 00110$:
                                   1721 ;src/aweleia.c:220: return( alpha );
      0007B4 F8 22                 1722 	ldhl	sp,#34
      0007B6 2A                    1723 	ld	a, (hl+)
      0007B7 5F                    1724 	ld	e, a
      0007B8 56                    1725 	ld	d, (hl)
      0007B9                       1726 00115$:
                                   1727 ;src/aweleia.c:221: }
      0007B9 E8 1E                 1728 	add	sp, #30
      0007BB C9                    1729 	ret
                                   1730 ;src/aweleia.c:224: WORD eval(UBYTE *p, UBYTE j)
                                   1731 ;	---------------------------------
                                   1732 ; Function eval
                                   1733 ; ---------------------------------
      0007BC                       1734 _eval::
      0007BC E8 FE                 1735 	add	sp, #-2
                                   1736 ;src/aweleia.c:226: ++posEval; 
      0007BE 21r00r00              1737 	ld	hl, #_posEval
      0007C1 34                    1738 	inc	(hl)
      0007C2 20 02                 1739 	jr	NZ, 00103$
      0007C4 23                    1740 	inc	hl
      0007C5 34                    1741 	inc	(hl)
      0007C6                       1742 00103$:
                                   1743 ;src/aweleia.c:227: return( (1-2*j)*(p[KALAH1]-p[KALAH2]) );
      0007C6 F8 06                 1744 	ldhl	sp,	#6
      0007C8 4E                    1745 	ld	c, (hl)
      0007C9 06 00                 1746 	ld	b, #0x00
      0007CB CB 21                 1747 	sla	c
      0007CD CB 10                 1748 	rl	b
      0007CF 11 01 00              1749 	ld	de, #0x0001
      0007D2 7B                    1750 	ld	a, e
      0007D3 91                    1751 	sub	a, c
      0007D4 5F                    1752 	ld	e, a
      0007D5 7A                    1753 	ld	a, d
      0007D6 98                    1754 	sbc	a, b
      0007D7 F8 01                 1755 	ldhl	sp,	#1
      0007D9 32                    1756 	ld	(hl-), a
      0007DA 73                    1757 	ld	(hl), e
                                   1758 ;c
      0007DB F8 04                 1759 	ldhl	sp,#4
      0007DD 2A                    1760 	ld	a, (hl+)
      0007DE 5F                    1761 	ld	e, a
      0007DF 56                    1762 	ld	d, (hl)
      0007E0 21 08 00              1763 	ld	hl, #0x0008
      0007E3 19                    1764 	add	hl, de
      0007E4 4D                    1765 	ld	c, l
      0007E5 44                    1766 	ld	b, h
      0007E6 0A                    1767 	ld	a, (bc)
      0007E7 4F                    1768 	ld	c, a
      0007E8 06 00                 1769 	ld	b, #0x00
                                   1770 ;c
      0007EA F8 04                 1771 	ldhl	sp,#4
      0007EC 2A                    1772 	ld	a, (hl+)
      0007ED 5F                    1773 	ld	e, a
      0007EE 56                    1774 	ld	d, (hl)
      0007EF 21 11 00              1775 	ld	hl, #0x0011
      0007F2 19                    1776 	add	hl, de
      0007F3 5D                    1777 	ld	e, l
      0007F4 54                    1778 	ld	d, h
      0007F5 1A                    1779 	ld	a, (de)
      0007F6 5F                    1780 	ld	e, a
      0007F7 16 00                 1781 	ld	d, #0x00
      0007F9 79                    1782 	ld	a, c
      0007FA 93                    1783 	sub	a, e
      0007FB 4F                    1784 	ld	c, a
      0007FC 78                    1785 	ld	a, b
      0007FD 9A                    1786 	sbc	a, d
      0007FE 47                    1787 	ld	b, a
      0007FF C5                    1788 	push	bc
      000800 C1                    1789 	pop	bc
      000801 E1                    1790 	pop	hl
      000802 E5                    1791 	push	hl
      000803 C5                    1792 	push	bc
      000804 E5                    1793 	push	hl
      000805 CDr00r00              1794 	call	__mulint
      000808 E8 04                 1795 	add	sp, #4
                                   1796 ;src/aweleia.c:228: }
      00080A E8 02                 1797 	add	sp, #2
      00080C C9                    1798 	ret
                                   1799 	.area _CODE
                                   1800 	.area _CABS (ABS)
